100
0 34 16 2622 8353 19 463 6052 2329 265 32 31 655 93 88 92 1299 194 1333 519 91 679 347 624 29 1862 165 5046 546 555 3755 62 8 1384 155
1 17 2128 38 0 65 28 470 1581 1023 64 14 15 4 1363 3765 422 10 24 2 178 892 1 5 2035 199 5011 1871 3450 11 3 2908 162 1780 141 1290 252
2 0 590 28 22 54 158 1289 1553 34 97 45 77 2 1 3124 15 7056 3878 38 9 57 3425 7 268 3797 510 252 13 262 2428 10 1948 967 1389 259 5 155 3756
3 7231 313 513 712 10 2784 12 276 144 23 1050 46 32 84 851 259 21 4363 35 4394 96 82 3843 2656 106 18 24 125 776 881 13 3490 1005 3142 27 554
4 45 58 17 16 3692 2260 154 133 57 200 136 10 2431 446 6205 76 5625 2928 424 1857 4049 753 157 2022 89 2512 30 106 387 2112 120
5 3 524 1292 2 93 94 0 4 28 35 5609 105 120 52 217 44 17 20 1540 5208 5 75 24 1239 143 9 97 32 4752 57 621 6 1697 784 2872 138
6 145 70 719 378 163 463 4242 44 111 114 165 162 16 1457 825 245 2657 115 1880 180 38 209 1466 320 21 6629 36 308 78 124 907 8892 164 197
7 169 9109 3698 833 4 569 0 1000 7 5 17 63 332 8486 1452 1 44 3 92 177 302 236 2096 496 27 47 94 6031 3842 3228 2876 126 3424 8955 468 176
8 2561 151 12 101 89 312 8614 8 984 94 32 6711 2671 7135 2028 7176 398 54 10 198 6589 3543 68 623 950 318 5472 16 7 3198
9 0 5226 353 1 12 19 2131 6 1270 248 2725 31 733 630 110 25 1545 33 100 11 7941 14 3 4 75 858 204 2170 145 229 138 6729
10 1286 2203 1506 2932 36 269 0 4 5 8157 14 3801 18 27 22 1 268 26 75 4190 55 4978 239 381 2 3 178 716 12 1415 7 38 138 2848
11 742 705 97 7328 3204 214 1558 47 1 2 28 239 6 1828 4 0 670 19 222 13 3 1566 15 523 3350 37 551 3163 16 14 84 27 6238 45 8450
12 0 266 4 3558 377 1 20 288 181 52 2 68 3 8906 8 4167 902 7 133 12 11 488 6 4150 117 3887 23 5762 13 1733 40 5 19 1613 138
13 2429 1793 2590 343 5532 36 558 3081 139 1948 602 174 16 9205 422 33 2206 34 78 213 140 4336 866 4699 1010 40 28 502 806 5834 750 426 7382 176 138
14 2925 1244 159 11 5427 2 1216 0 174 886 39 6570 1 801 3001 30 3 457 102 2014 100 48 325 635 45 963 4448 112 103 708 9559 6656
15 21 1 0 2 362 466 396 25 584 59 3 1394 160 66 26 4 1270 131 9592 43 314 898 1606 12 11 9 8 9085 930 5429 145 4148 155 3244
16 6565 481 109 165 1579 4723 113 3309 944 595 1038 308 1418 7367 145 30 209 4104 1189 1959 110 2751 1116 2083 1428 295 722 914 7364 8938 20 602 7774 9225 485 4371
17 1743 4791 5893 186 70 0 6 2571 1927 5782 591 11 4 20 61 122 7 390 357 352 1 110 62 637 5205 3731 29 2924 291 1527 3 158 879
18 1457 712 3330 3 122 79 42 2040 4 314 6061 773 496 3036 1 362 6658 3116 1687 639 7214 4102 5 45 2 1271 9 43 11 57 8 252 176
19 832 187 6543 5924 388 76 120 81 283 419 98 17 6 188 184 30 58 9736 1026 28 3758 104 57 826 75 690 821 21 165 31 154 27 432 63 2208 859 1737 5926
20 2 1 14 0 3 1880 89 15 10 1797 149 2153 3575 249 7 652 8724 706 19 5526 1321 44 39 137 1210 127 364 1052 181 3899 77 9 17 69 8 120 859
21 3 0 109 14 57 25 125 121 8 9677 44 13 4397 15 9373 20 1 150 200 2 66 4 302 100 2947 65 118 4020 69 199 35 1037 177 9 7242 1384 2264
22 1851 4 751 0 3 26 7480 7 3009 2450 2 822 863 56 20 6747 9 125 205 471 5734 39 546 23 1787 446 48 2256 163 1496 3164 8 9517
23 10 150 1 187 0 1201 53 758 261 13 947 23 19 183 894 39 2 74 375 572 3 281 17 99 4 162 9 18 27 1925 1096 355
24 286 724 175 236 769 0 139 67 5 7864 24 59 216 13 1926 382 5459 90 2492 160 1 2 287 550 30 5294 7 19 426 6 1253 118 5167 9 1364 596 69 6138 708 138 2264
25 6 436 241 17 4911 996 130 23 5 6260 10 178 4722 32 2725 179 769 542 1416 4216 301 88 27 158 104 12 26 19 261 7636 18 425 280 233 166 84 120 69
26 1485 152 1077 90 3 105 1072 12 0 33 160 170 15 61 30 7 168 842 5929 52 38 2408 1 2399 2 1019 10 130 23 162 637 1395 977
27 122 546 23 4962 6 171 238 1 29 220 1329 4 3 7155 18 39 20 11 2 500 9 7 2355 256 463 37 0 16 2243 1698 27 3389 138
28 76 105 4625 332 6192 67 30 2557 9 830 7971 47 9407 1151 78 196 19 1193 815 402 6481 1788 755 37 104 531 368 43 225 980 32 4 164 5 301 55 8 44 1917 968 9517 554 2486 621
29 80 7306 375 2885 1442 243 20 93 390 2359 702 1721 66 861 8104 32 636 8917 48 2087 7460 5592 75 1825 21 1338 241 945 4 139 3516 37 681 417 35 9 309 468
30 26 993 2014 446 1818 2647 8365 1298 1759 14 234 418 223 885 4117 61 2884 22 465 340 195 30 1178 2527 5210 4 444 191 79 969 1349 19 1324 621 69 5526 7624
31 36 5485 68 578 0 51 2 6 4 975 1756 741 6705 237 9 4818 9248 89 22 26 190 14 1 398 8 66 92 44 49 890 1989 58 4259 1159 19 63 69 1958
32 4334 2 21 1498 0 1506 280 1039 68 10 46 7 1 1325 13 119 9862 6 3 9575 4857 1579 2700 180 169 80 107 4 362 518 160 121 5921
33 1 4 2425 6 16 3 53 5 0 2207 204 3513 651 1889 5364 111 43 8 431 89 6005 457 660 14 15 2 497 400 1917 47 1053 27 9 2848 1954 7585 3097
34 1813 1 2 876 0 20 294 3764 3663 594 5 60 12 2417 2254 4229 1878 5850 858 67 3125 1825 3 2196 169 4723 329 172 118 822 40 4977 28 6604 126 1482
35 95 186 1782 5 277 259 301 502 3537 198 102 1959 55 1830 37 22 85 73 13 101 128 123 3790 9 12 10 899 388 6077 3020 350 907 9230 184 1452 28 121 2148
36 1713 9798 56 465 1886 40 262 4553 2930 327 49 128 61 1027 37 111 5 4889 319 144 54 7135 2108 11 2377 724 410 5322 9207 2647 2298 751 126 1783 554 1290
37 0 1 2469 514 4 2 6 14 146 19 15 548 114 201 65 16 9 57 444 35 21 9952 3218 77 54 7 5 36 3 2776 268 140 32 263 3222 44 8 3097 1737
38 352 6284 2963 5 87 81 374 1765 50 113 853 4682 101 7023 848 298 54 562 320 757 57 77 132 3449 119 253 666 17 1303 166 1714 583
39 0 145 16 20 257 2 25 102 3911 1857 8 80 344 3 194 600 23 14 10 130 34 143 9 250 2229 30 547 644 1879 2758 99 5634 1153 184 583 176 5381 1671
40 36 78 82 1787 1517 216 66 2490 23 116 55 1177 367 144 30 3488 1 490 357 31 165 654 649 29 17 21 4285 72 859 155 1482 7055 1502
41 752 3003 14 3 224 1 305 2270 9 37 500 50 39 1965 9767 84 2 4 105 133 16 69 128 0 15 44 1324 2453 97 1562 309 6 241 2151 1809 20 63 176 554
42 7 76 32 2325 5 0 262 603 2 119 227 937 14 1 1944 11 46 213 95 1717 16 3 23 1211 1999 7360 72 93 27 21 4429 1495 63 708 1263
43 109 150 5 8855 1232 14 219 8735 50 6156 2859 5029 54 55 51 7726 9424 3662 534 115 258 154 1854 206 389 113 128 369 24 43 127 990 112 2316 1408
44 194 6161 87 2721 50 10 23 15 2974 891 246 73 207 438 33 377 12 231 44 30 422 1666 1907 28 98 40 104 36 214 39 184 2983
45 1 0 120 13 2439 40 2 6 15 9804 45 5932 476 3573 368 7479 8 108 2425 36 408 10 11 595 310 46 121 5 17 20 27 7 3475 169 455 5564 7584 19 5661 914 6459 1954 1310
46 22 2 201 1 3 1183 0 1361 9864 20 46 5 1013 159 136 4 1502 18 152 9 1934 1697 1561 761 13 174 12 196 35 744 111 166 253
47 81 1 2 45 871 39 868 4 466 5 4060 1680 0 9 14 3 8489 8614 35 16 140 7322 685 286 6 3022 287 96 1893 492 1307 7 8 484 138 303 583
48 0 3082 3025 1375 1097 7 19 131 1023 156 256 54 10 133 36 568 75 1 68 4821 102 62 48 4246 39 465 4252 2 366 9 594 4247 155 138 968
49 19 2 1260 473 103 4207 4410 8 1 1504 5221 4 108 0 1677 15 140 1885 3 71 6 42 433 21 1026 704 6686 390 152 7 6692 11 164 138
50 36 60 2375 6 18 98 349 59 218 7631 10 154 1752 3643 41 44 45 1391 1147 5760 19 48 61 1695 2300 23 7258 5666 970 178
51 2148 508 40 16 7 0 7711 5031 4 53 1 143 104 180 2 6211 304 780 12 99 52 6 18 1415 160 39 2642 426 157 1692
52 317 326 64 51 1401 603 853 178 982 80 46 13 203 65 41 505 37 63 213 389 109 786 156 383 961 1953 2178 4855 1651 4625 2807 4226 708
53 0 360 6 10 136 7559 12 4 1224 1864 124 1 19 5 2 1443 437 3 458 5415 64 121 325 1209 1558 8660 73 29 1677 23 1912 7 120 583 1958 3102
54 622 349 147 3799 380 15 59 17 689 11 4154 88 24 56 109 174 208 86 5 651 154 8806 735 40 669 7 42 110 7905 2931 8911 27 372 869 968
55 13 43 704 458 84 36 7 1 310 8325 943 0 1009 27 38 2 11 14 108 6 656 3 56 155 18 116 4 2448 110 2105 24 20 17 15 1283 9 1184 6887 725 3110 1737 1502
56 19 799 70 1 0 45 178 16 17 6 1067 4571 1476 33 41 4 10 1890 9 868 902 21 22 48 13 9212 113 18 804 38 54 2 8 14 1502 5276 859 2264
57 4 43 28 21 39 45 0 2 7 9 10 11 102 25 592 5 33 34 1 160 6 14 22 36 13 223 2102 2836 496 111 3975
58 1248 5297 6005 91 29 47 5 205 1363 1271 6 1787 156 11 2 95 33 74 1067 411 52 2115 178 6424 139 10 6188 1614 92 232 6652 121 2153 1290
59 9913 756 5350 3002 34 2736 32 3843 5333 914 1655 7979 12 64 225 54 149 5376 3962 83 56 3908 2187 979 536 293 7607 910 323 2485 256 8969 2622 542 2060
60 18 3616 690 773 32 124 6 713 412 174 586 99 16 4327 49 261 5 2624 2669 2063 214 101 10 19 15 4567 27 468 2848
61 558 4648 1291 1776 181 1909 49 1650 225 342 175 650 405 7189 2693 17 1562 206 1478 6466 12 8799 7859 177 396 2886 20 588 1222
62 4476 2 6 0 177 938 1 64 16 133 4 1871 36 33 831 580 4533 49 418 8855 120 52 28 47 50 1173 164 5 1282 8 919 1310
63 2 7121 138 71 0 13 12 23 2209 476 1524 4 287 26 22 24 29 487 1 1133 890 968 3935 86 140 80 79 509 279 11 167 3320 16 61 57 977 1263
64 3713 32 384 270 13 6 351 60 40 9 6580 1 10 0 5474 126 2 358 8 2126 1601 748 17 3 5954 1738 538 4151 11 911 112 290 102 1077 1737
65 1001 484 7421 605 7 88 3677 2016 3009 5 81 181 587 297 502 7187 195 222 15 192 50 335 167 263 4017 82 8970 2883 52 238 824 5482 3767
66 473 3 2 632 1 0 2945 3193 103 6285 7 147 5467 12 339 8 22 19 114 4709 367 4374 408 5 46 171 532 57 9520 92 21 7007 163 551 32 133 18 5545 404
67 20 91 13 207 0 43 19 2649 5 3004 574 1424 65 36 742 2 6 1030 14 1 257 39 18 55 4 9 374 8 2928 1325 35 52 40 22 121 6147 482 708
68 0 1888 50 217 1 441 71 11 15 249 5463 3 33 2 130 27 512 966 332 437 14 129 6021 84 5 7303 133 17 887 142 822 481 135 1450 725 9 28 4347 155
69 2100 7075 85 354 89 6450 77 309 3247 1112 30 32 2725 512 270 588 318 90 479 804 659 7541 3130 466 422 633 648 6986 348 107
70 36 38 1061 9140 174 2547 90 59 22 39 5465 6234 86 52 1824 107 14 32 2950 58 95 62 9 83 1112 65 266 6763 5 1944 360 8864 44 3831 12 1142 9723 2216
71 2 204 586 3 22 29 214 452 338 6 5 0 1 437 4581 16 478 2726 5195 1264 680 1867 202 60 15 131 2611 2236 7 1671
72 1037 251 11 790 357 99 4 3839 22 35 2225 4448 9 117 1296 74 17 5 4838 856 6229 1694 1288 79 5689 51 6830 241 3203 107 44 3964 1951 138
73 909 8 15 9589 30 2708 9739 705 139 36 1562 4 7798 1129 6 317 1062 431 16 240 652 98 2643 4151 8378 193 3 898 454 244 2117 131 6668 6735 1751 176 3774
74 181 565 1 143 0 323 804 29 63 5417 9 283 48 46 2 1963 5 312 8 31 146 91 7 719 201 2522 199 17 948 3931 28 120 968 4247
75 0 1 4828 144 5233 171 687 6 8738 1011 37 14 868 157 108 158 12 5 4342 16 191 192 18 67 7 402 3 1251 80 240 8258 56 2919 371 11 1604 973 176 1671
76 0 23 12 2 1540 1 1215 80 126 48 16 21 389 260 341 270 49 1615 4 938 3 11 39 261 756 125 1027 371 9 155 53 20 10 225 27 511 867 8988 3849 968 2060
77 354 161 3180 1393 208 83 449 3411 806 105 29 1467 1593 197 1776 65 1114 47 4430 170 969 1319 6163 1333 2398 5286 201 132 2517 1455 52 618 93 501 1442 6188 184 404
78 30 4834 23 137 6376 46 32 2345 534 68 397 96 14 842 22 1680 1228 17 39 84 3900 4421 3 52 307 37 7 2282 7202 1229 6 8 91 1012 4 135 940
79 2491 88 819 3608 2195 4734 15 7371 179 46 220 2201 49 27 3983 41 994 215 2500 3354 461 912 36 943 32 643 3929 272 160 2857 1005 1315 6165
80 0 1137 1 39 20 21 8 11 66 3 6 33 585 10 257 42 1112 77 641 143 23 79 1810 2211 75 1003 1004 529 371 1153 899 2060
81 4 2 1138 694 3 0 206 513 7320 127 10 1 3199 6842 68 560 11 37 28 9039 200 466 149 72 1375 44 54 7481 17 7033 194 3021 6 13 107 69 65 9584
82 0 5675 1329 1 548 2 249 9252 61 14 309 735 231 360 225 994 1126 155 3 118 2518 263 6411 3989 1260 22 723 514 165 3323 585 1221 9 6656 2705 3097 138 1077 1671
83 1 25 5016 7 0 13 52 37 423 3327 46 3 19 3164 6981 2087 8123 2 859 12 513 6270 214 546 174 47 2434 4 2825 5268 747 2780 3244 968 3975
84 3140 86 9989 7702 683 0 172 9375 23 8 46 15 367 643 1480 5 8153 3 1223 2 1707 18 75 17 31 60 43 695 2896 1034 627 103 621
85 225 128 6038 2 2925 10 258 29 9479 8 23 2013 30 996 80 15 36 1017 169 37 441 157 4625 2035 334 78 12 161 1390 22 34 976 1084 176 355 253 138
86 2 0 18 3 1 3367 6 1099 222 353 584 206 4113 3526 6450 20 4958 4 159 3428 2564 48 2552 45 16 56 1318 817 436 381
87 3160 20 4548 435 22 4048 242 14 216 239 310 28 149 1799 46 186 81 15 277 1009 9 6881 1021 11 1804 49 17 8 39 82 25 5561 62 7315 74 9542 176 708
88 0 869 4 6 982 150 203 170 17 12 586 3 42 5731 7 80 1 81 4300 137 714 111 67 631 2 37 501 9 71 355 138
89 9569 7627 3 59 42 37 3176 3529 51 16 1475 76 142 113 128 173 87 10 97 281 12 13 4486 7 30 382 4962 1734 121 4115
90 12 1 414 1776 6 330 231 172 4007 6607 2246 0 61 13 2 4189 16 3 7245 419 617 3073 76 64 559 5989 2718 261 796 72 1283 15 720 554 900
91 330 1 1935 3 5 33 9167 2072 1628 196 77 14 125 13 104 85 224 1932 93 101 4 352 150 964 2052 8 48 25 8290 11 82 3244 2591 3684
92 4 2 1 194 534 6 0 903 10 1358 66 2463 90 30 8 235 304 5 21 6229 216 232 399 551 456 780 735 594 4600 1659 176 356 2513 138 3097
93 8868 22 5 7475 1182 211 40 57 8389 702 2715 312 111 291 3175 326 364 1273 17 2409 409 193 1417 470 106 632 5811 970 510 1421 434 2067 91 1330 139 3110
94 569 98 245 1047 13 141 76 1463 938 450 1568 5 20 1241 4712 687 28 29 8 51 32 223 2923 21 436 183 23 4955 159 4124 55 7003 795 293 102 948 1679 554
95 885 33 93 4498 116 178 106 248 20 389 1312 356 686 38 202 160 113 265 2295 336 2339 79 57 71 70 26 451 2729 183 520 18 14 2659 138
96 4628 659 324 8168 57 7 71 105 1465 5404 33 167 39 668 66 332 154 2235 368 142 12 387 1186 2292 77 1807 308 19 1616 62 1765 542 1049 74 2818 138
97 955 190 1199 5 3771 0 82 54 14 40 2653 8 6379 519 98 4 120 34 520 381 1817 998 5674 20 38 2 17 1494 69 30 983 9691 770 472 1 129 187 4266 967 1881 1434 1958
98 2 6 341 26 3 434 1069 19 54 139 11 4 6932 2395 8 51 0 9 641 2859 1 134 39 1546 291 795 5478 40 2712 205 15 13 193 60 1599 1452 797 869 3097 1263
99 25 3849 1 0 6 2568 18 7979 187 31 16 43 501 7 2 9 5 1280 130 5407 240 3 39 712 151 387 200 133 496 35 3182 5313 1954 6402 155
