2 284 244
2 283 67
2 255 265
2 195 25
1 119
1 32
2 239 160
2 235 12
1 53
1 40
2 5 142
2 109 252
1 138
1 6
2 248 43
1 271
2 277 59
2 177 141
1 82
2 23 71
2 83 55
1 16
1 197
2 237 289
3 219 152 228
2 207 104
1 39
2 140 10
1 73
1 269
1 124
1 163
2 68 131
1 117
1 70
1 146
2 295 242
1 101
1 166
1 121
1 217
2 93 145
2 50 236
2 98 112
3 241 292 115
1 201
2 139 205
1 14
2 202 122
1 287
1 291
2 102 154
2 281 100
1 282
1 223
2 230 192
2 158 170
1 128
1 20
1 199
2 191 298
2 253 114
2 268 176
2 174 214
1 48
1 28
2 11 250
2 243 66
1 204
1 22
1 29
3 238 264 280
2 258 155
1 61
1 35
1 266
1 86
2 181 51
2 76 90
2 45 182
2 196 106
1 209
1 254
1 190
1 81
1 147
1 185
1 222
2 157 3
2 31 78
1 96
1 42
1 26
1 188
1 172
1 27
1 89
1 111
1 64
2 118 215
