17 9920 8459 5205 4920 9925 5465 2548 4221 3454 4777 6728 122 6262 7326 9774 8569 7206
16 6843 8915 8991 6498 4953 7840 3940 5279 5899 3735 5700 8901 8688 7626 4190 6517
9 3329 409 2056 9751 5815 4063 4213 3674 2528
14 7704 2495 4657 6293 4639 9539 4195 8407 3211 4085 3714 613 5233 5071
6 8967 5635 2021 4073 7507 2887
16 3951 7373 6029 8059 5642 6618 9833 3165 4800 342 2141 1756 9541 5284 5420 7581
13 7889 5017 3915 5453 9158 7134 6374 454 8780 5064 7122 5292 8824
13 4959 2973 839 8823 3842 982 7203 3584 6848 9433 10 6488 8563
10 7357 4223 1904 1755 7284 5386 4266 7547 3447 1000
9 9046 6654 1777 8768 6526 9546 9564 3122 7773
8 2736 3570 8916 3753 232 3968 9335 7025
11 726 9134 178 8827 2972 8830 7525 3328 2137 6926 6527
14 3430 2401 2605 4409 9202 494 6491 8687 2315 7120 7164 1980 3593 4941
3 6068 2718 174
6 2899 4107 1461 7689 894 4471
22 9666 8902 3866 4028 8368 6272 2368 4617 2556 1259 3499 8444 6642 9015 6290 2614 6184 7879 5391 2129 3828 2445
11 1406 3826 5719 9018 572 2831 6698 7113 2288 6861 2939
6 6206 5480 2601 6920 7286 4469
6 8323 211 6026 2044 7796 5226
13 271 3092 2783 2856 1947 2174 7843 7414 5317 6375 6047 2268 9824
9 6747 5990 6765 6012 6141 3190 1023 8193 4317
13 5113 9874 35 6000 5291 6244 8737 7778 1458 3946 6751 9987 1339
13 2166 9972 156 7761 6333 2648 8103 8743 7806 6353 4985 2756 2430
14 8149 3362 2665 6832 7903 4532 1568 4456 7262 4747 8649 6281 1525 9868
14 8073 8447 3108 9743 2352 4595 1263 553 3675 7604 9077 1282 4209 5478
13 3197 3017 7190 7479 5952 1422 3839 1859 5001 2898 2025 2346 1140
15 6924 6220 9042 7901 4664 6587 2107 1433 8416 9155 5042 9205 1753 5597 5969
20 9733 7546 7876 9654 8795 2409 6078 1762 7171 8272 4089 7770 9623 7381 2713 9534 4264 4290 3139 3088
13 3024 435 6550 5783 2585 6089 9731 8506 8062 7873 5709 7222 9287
17 2424 5829 4826 8554 3616 5601 2696 9570 9075 6268 8801 7680 9141 8764 2595 836 6583
11 1323 2642 7236 9795 1106 1381 8244 3474 2154 8974 1555
5 6851 3424 2934 5107 4887
5 2915 8494 2513 1771 492
18 8557 3129 6245 1628 4587 4205 7386 7916 3784 403 2415 9992 9143 4087 5005 9292 8750 3709
9 7156 697 6879 382 7830 4564 1470 5155 4646
13 3758 3200 6058 9557 6652 8353 1331 7010 8998 9817 3469 5289 2758
14 6139 4109 417 5240 3502 9100 7493 1934 1907 1283 239 8153 3856 943
7 6304 1955 4080 849 241 3205 3824
10 5721 2963 4285 2577 6261 292 643 5087 7301 4796
6 3202 7389 235 9758 6863 1956
14 328 8462 4153 5539 8642 91 7643 9952 542 4937 9379 4394 8624 5133
15 3575 1518 1863 6512 9392 2128 6907 5619 9859 7857 6699 6378 692 256 2099
19 6875 4421 7874 9735 9620 3038 8167 8652 993 3465 4302 7366 2052 3963 4248 338 2139 3201 9403
8 6053 1218 9109 7337 6729 6648 8303 3027
14 2143 1221 2649 2916 3194 7342 2640 3909 352 9882 1810 4096 7701 1626
12 8484 6200 439 977 74 7569 8895 1598 3924 6292 8961 4420
10 3409 8653 7883 1248 6386 1638 6253 3645 8475 4075
9 3651 6003 596 1175 832 2781 380 6946 7909
14 7140 3989 5757 7554 7690 6615 6023 8951 4441 8401 7392 8366 6312 4138
6 6455 8784 9382 290 1465 2568
13 6558 2539 3105 6503 3542 908 2291 4270 8214 8945 8339 5256 6641
17 7810 5890 6360 6430 4297 3366 3169 5426 3657 5824 7724 1348 6443 3428 918 2805 5444
16 3891 8574 6450 9575 3789 4643 8118 2480 3326 1660 8413 2184 6683 9994 5537 863
5 3311 8440 5507 8192 3421
17 2589 2198 6296 3795 3026 2033 7477 2673 2173 6094 1429 833 2910 5527 3606 1534 8576
13 2742 2335 5816 5668 7494 3082 9074 698 3992 3137 8775 8958 2486
8 696 6567 208 2473 1256 8542 3731 5630
11 8370 5214 3594 7628 1365 6814 708 1325 294 4397 5903
13 5615 128 7000 6645 4481 1884 8876 709 5100 872 5470 5689 6102
8 5466 3426 1326 3047 4645 5124 9592 3341
13 9820 4665 2537 4202 8530 5344 2355 9912 1299 5610 8904 7866 7972
11 6135 2118 5892 9179 3879 8229 7267 8293 3776 3323 7101
11 109 4502 3966 9761 8176 2011 7216 843 397 7812 1159
4 5510 7988 7769 1855
14 8104 1527 951 172 5158 1913 8555 2753 1521 4969 3874 4072 9230 7077
11 4170 2881 6749 5352 9209 2171 9272 6416 7609 7065 9213
9 5237 7638 4830 8682 9138 4607 6719 3770 8028
12 4877 2782 5711 8187 92 2776 9475 2240 7555 458 6930 8239
14 2006 2512 3475 4782 5511 9180 5751 4966 2362 1937 8820 2065 9160 1844
15 4546 5887 1233 3058 8772 1222 552 9394 8860 2290 5021 1930 4667 2935 1921
12 6110 2566 5957 4003 3319 354 7732 674 5033 4767 5394 4734
7 3104 7068 8560 1016 9106 5040 8253
8 6239 4833 4115 2181 2660 8748 7353 3161
11 499 5866 2320 8694 3146 5567 1417 3425 1389 582 8136
5 3257 5920 306 6726 1783
8 2791 6818 9419 9033 7926 1695 3495 6600
8 4084 8274 318 2570 146 1146 1591 8571
12 8711 1474 379 3228 9482 9881 6864 2829 5559 9302 4487 5780
14 2838 2852 646 4326 6062 8493 9408 9516 9238 5933 2359 4060 6231 7506
11 7585 6159 4141 6076 5622 1455 7197 8023 3031 3436 7990
8 9649 8040 5477 8379 4872 4776 6746 7078
10 7117 9633 7434 6034 8609 9604 2045 9288 5915 6190
21 6404 3396 4225 656 6739 7253 3435 7256 1583 2558 1179 1979 5201 1448 9436 9583 8067 2861 4647 6996 634
15 9852 481 9559 640 2442 3818 9647 1523 9284 4236 6905 8450 7865 2504 9722
11 6752 4299 2245 2799 4615 5169 1246 5473 9150 5139 3045
8 5112 364 3895 6562 8550 8627 7630 8516
19 7320 200 6128 1723 9314 7208 2434 5695 3315 578 8984 3843 1561 4824 6211 9574 8963 9378 1027
19 3849 601 2497 4396 2937 529 8973 7425 2343 5526 7924 3799 9240 6085 5880 3625 5249 4881 5080
7 7804 7081 1104 536 6680 2319 9139
20 2324 9286 4088 9657 8796 6119 5187 9737 1415 8645 9226 8502 3070 3501 5262 6772 1031 9480 7734 5705
12 1414 7687 9104 9511 6575 5674 6280 7746 8617 2108 2958 8843
5 9595 47 9549 476 7147
6 2357 1804 1 6398 7110 6129
14 1651 5540 1557 5422 9276 4256 1725 6579 1297 7915 2921 7872 9324 6591
5 9864 4713 9186 4358 9418
12 4437 9505 6197 799 4159 793 754 6366 3256 8242 2016 3397
10 8213 4006 9800 4043 7394 594 8127 5925 8855 1094
6 2536 5954 950 7663 5982 5168
10 9473 1997 8093 8035 8191 2930 177 5861 9377 2721
9 5744 3510 498 5678 8937 1539 8511 3846 3340
17 7210 5875 6409 6392 4914 3732 2482 1565 9948 8686 599 865 3135 7842 1471 2039 940
11 8932 4196 3263 5712 4666 4101 4636 5564 7194 6036 4669
7 7198 1908 2212 2541 4442 3455 7137
10 4352 1910 5062 7624 3661 9142 386 2461 7978 1538
9 9191 1100 150 3557 4869 3701 671 3997 4642
9 2711 8892 7102 5593 2076 5260 1872 4559 6839
15 2026 1240 1873 9064 9617 9466 2979 3685 3429 9089 2907 7898 67 1702 8933
13 8435 9385 8296 3862 7407 3761 490 543 1383 3902 433 6325 1604
5 7325 4114 4014 4329 2413
16 4575 3821 9705 5156 4659 8188 8938 7457 461 5835 4594 8857 5134 7967 8661 3115
12 7329 1995 1843 3972 378 4485 5713 2395 2023 4892 5210 4964
14 7768 3773 1160 7503 7764 1045 4634 7614 2938 2078 216 2213 7497 2793
7 1773 8918 8218 90 3159 2142 4810
17 4387 3947 6842 6438 5069 8412 8094 8970 5070 8182 9001 6201 1876 9706 732 4032 4280
20 8979 530 1564 7637 3398 2952 9199 9645 7456 8014 2989 8160 6306 9785 8540 282 9658 5986 8863 9748
14 9090 4836 9171 1902 9684 5809 584 6885 2086 3672 4523 9894 4000 2700
19 1860 9011 7870 4938 7692 7856 3181 1494 6237 8610 6868 3443 5340 2344 3808 6226 742 186 600
8 6656 5377 6984 1491 6932 6578 4547 7582
11 5060 5686 3740 3057 6216 8306 5023 2244 3016 6008 1316
10 1438 720 3991 9757 8989 9576 1352 7041 5701 2933
12 4648 1313 6454 6825 85 9019 4608 714 8903 684 7735 5000
11 5487 4875 6677 130 8126 9085 5767 8593 6552 9091 1026
9 3697 493 8088 1424 5154 9593 3235 7195 1770
18 8848 8021 6125 419 1647 9457 2653 252 2505 9729 3210 6775 3463 4768 7363 5308 1690 9363
8 1372 8403 1182 6279 2948 137 2234 7149
12 7891 511 2060 6305 907 2360 5603 147 4653 7075 1953 4565
9 1090 2657 5566 1386 2600 1886 7730 3227 4106
18 4885 5771 2031 6764 7092 6971 2884 3155 1710 7592 2374 9644 4685 6779 5417 6122 9697 8992
14 7064 1227 9696 2261 5054 8445 102 7411 6156 1896 938 7305 4675 8553
11 5359 825 3614 7907 8460 5532 9843 800 2532 3973 1933
8 8227 3127 3534 6165 37 5117 1357 9651
9 8978 6475 2981 990 4378 688 5911 6798 8281
12 8699 9263 6013 3622 3798 8033 3432 6389 9397 6629 6205 2197
19 5027 5006 4867 655 6523 9832 6009 5088 2810 9553 6301 2373 3772 3221 1130 581 8299 7076 8390
12 3579 6672 4819 2054 1875 586 3269 7368 4093 7094 3266 4982
17 5818 8309 5732 7685 5584 3468 1169 4119 1480 1820 7749 4086 6059 3573 8284 149 8381
5 1192 4944 7931 9000 3077
1 6377
15 3276 6133 3958 6956 3785 9028 3751 4167 2737 4272 8470 5032 4710 6130 8471
8 8209 608 9927 5353 3494 6444 7718 7265
12 1734 6659 6426 4866 1639 8326 8334 4692 434 1314 9162 6854
18 7293 6327 8133 1201 9065 9710 8761 6283 40 2407 6393 9720 2402 9330 5172 7781 183 2567
17 789 9813 5888 6903 475 1613 9561 7697 9248 1709 7231 5523 9421 4906 171 6006 6264
11 3546 6856 66 7019 7745 6657 23 8693 17 1597 8512
17 1194 8521 7698 9538 7364 7278 9900 3203 2110 6850 4689 2766 4690 3948 5122 7599 8599
13 4467 2706 1412 2220 4244 4787 8150 1897 8590 6513 9780 9863 7583
7 7948 4453 2218 4440 9880 4898 1727
21 5698 8448 3602 5621 1684 5656 8030 5837 6597 5847 6344 7532 6218 2769 8799 2670 255 6970 7351 4259 8061
11 3540 1986 1102 4652 2160 9044 2599 527 1468 3613 9548
14 6740 5090 8940 7152 8529 3338 3530 1459 7234 4924 3231 8819 8534 2834
18 9401 6307 502 1503 7787 9135 7548 6784 6716 6331 3157 5462 912 680 4843 8009 6308 7099
12 9306 4228 8955 1319 402 6203 6824 2452 5364 9460 9630 1827
19 3572 1002 7535 4371 629 8869 2156 1716 2977 5372 8186 3592 561 6622 6873 1236 6897 5320 155
13 4475 3666 6580 8228 1942 2330 7498 9837 4104 2636 7090 2443 9739
18 9347 4848 2425 8042 3802 5409 8116 9195 7629 3901 7143 5481 7949 2882 9270 6712 1761 5877
15 6884 2123 482 2112 856 7246 4403 9035 5553 4357 7132 1387 9943 1078 1289
13 864 6536 9613 7211 1496 777 9694 3079 3925 7645 6602 2854 7552
7 5491 8351 3220 1245 3451 6544 9442
8 5971 3830 9045 9911 6103 2057 7594 8605
5 9452 8338 1067 5577 6803
19 190 7567 6356 7922 8298 772 4355 9812 6121 4884 3905 6181 2863 7178 8692 728 694 3484 2311
13 9087 212 4011 2122 9319 6451 2804 4055 9026 3300 859 3551 4902
15 1803 3778 5660 1436 867 1302 9844 6134 2151 8545 9816 9384 356 261 1566
7 6189 8328 2333 6985 7847 3477 3630
10 1332 9071 3420 9527 3232 8785 2978 5484 8539 2348
23 5856 7372 6922 1252 2825 8831 8742 1537 5457 5951 8485 8486 7691 9268 2264 387 862 4916 4033 1668 6442 3299 3738
8 477 3910 3381 5193 9370 3498 2632 985
6 7435 666 1511 3746 2790 6367
11 4693 9944 1729 2105 4070 4772 2596 5640 6171 2017 6318
14 817 9469 5295 8637 7193 4940 1891 1368 6064 3163 304 4912 4265 6823
9 7792 442 7666 8034 8615 1294 1189 2053 8258
12 9495 7867 2982 7232 1232 775 105 8782 1785 614 5102 1882
20 2714 8835 6186 830 3414 422 8190 120 4965 9054 1589 7508 9667 5176 670 4988 4979 1050 809 1670
8 9685 8815 1736 4845 5216 8669 7646 1889
17 7028 9628 5182 7442 753 8854 4099 7387 2969 9388 4353 2043 163 9983 7807 6774 4218
12 9402 6410 3993 1721 4552 1476 524 1048 6238 473 6829 1901
11 9267 2455 1200 2216 7380 141 6963 2345 3065 1275 7179
16 8020 5955 1949 7438 8273 5994 5298 1257 5356 8638 5569 4125 5171 5785 5350 7397
19 3196 9255 5516 9702 8085 1686 921 159 1109 6737 1595 8266 4031 4117 7727 8928 3757 5692 6463
14 7224 7347 9842 5679 2095 5074 1292 6104 4499 4651 3877 278 333 4521
9 873 2817 7762 4473 5314 6982 5704 7260 1229
10 6150 4016 7464 6674 7627 5556 8935 6116 1964 8763
10 4511 9769 6969 1349 1768 8585 7316 7453 126 6565
4 5500 9789 5302 7292
14 6502 7315 4130 659 4491 3394 6566 1679 576 151 9366 3053 7635 4963
13 7512 5562 8101 7466 9438 8026 6548 9006 2580 4518 7106 5778 6332
14 8715 9965 4815 4761 98 9579 6809 2857 1846 1620 5764 4590 9183 3568
18 1609 3068 3199 2731 4913 2797 821 8987 1790 8620 6806 6730 5694 4770 7510 3747 3660 4621
13 3596 7927 7648 7446 2992 2680 4714 4773 6571 9479 9029 1345 8387
9 7428 7314 3490 6718 7884 7650 2159 3399 9886
19 3029 6804 7580 3554 611 7785 7534 3952 3373 1193 9038 1688 736 3404 678 4044 1714 1296 1926
16 5858 4255 9636 9353 7277 8155 6024 4327 7564 3085 15 7483 9023 6816 7189 3841
11 1883 7711 1054 4720 2235 4024 6222 9101 3258 6025 9395
16 3918 2732 8597 3439 1062 636 5076 3765 2607 3556 8212 9247 1310 1065 1253 6859
5 5227 2209 1864 6630 5441
22 1228 1524 1010 9297 6413 5303 4035 5287 5838 9265 4331 2260 388 1309 365 7900 3597 7935 6495 744 9250 7520
16 6168 1745 4034 4300 7066 715 286 2206 3476 3372 4343 4012 9542 7046 8841 3391
5 3358 8237 9584 4263 5864
16 9246 9543 4137 9681 9273 7912 560 1197 1428 2498 3894 7570 9571 4232 2950 2903
5 4260 6199 3608 6707 875
12 2436 5369 7430 8419 4029 5371 4019 2479 8976 6908 283 2611
13 8586 3317 1508 1693 169 3345 189 6757 8491 9300 997 877 6530
15 19 2690 3663 6570 7344 2652 1943 9950 6596 3308 8289 3377 9848 2956 7871
16 4984 730 4733 1430 660 9836 462 1338 3851 2846 7490 8225 2729 5734 7100 3763
12 7129 1869 3544 6563 4245 897 1748 83 6240 4992 5475 8247
17 9544 6786 2440 3680 2997 2207 5170 8981 544 8662 8148 3854 6713 6415 5862 5166 9835
14 2784 3459 7636 9381 3669 8159 8446 1911 6146 1073 3473 8250 1567 9929
17 6745 8173 9410 6407 826 6188 6593 6882 4449 2622 6696 2438 4688 1307 7340 5357 5675
19 8629 8713 7934 5779 3117 2675 459 2121 1330 8871 3007 3285 9333 4942 8344 4217 5482 7177 8197
8 1605 8410 3539 1217 3009 9185 1322 42
23 1674 8157 9631 9562 9477 881 3215 9364 3364 115 7037 9822 9639 6379 6915 2901 5306 2037 724 592 3536 1999 3242
14 5218 3462 9485 210 9512 3453 5608 7940 2931 3186 1499 6505 1976 4874
12 7575 4347 9611 4470 4701 3550 695 3222 238 8833 5502 6714
11 5808 5307 381 5724 1738 5045 5452 3694 2760 5301 1255
9 7864 7975 9349 2072 4113 7334 6610 4430 7405
14 3249 248 4973 9116 3513 4696 9156 3646 2547 2796 6921 9838 7809 6539
14 1697 7779 353 2875 2164 7167 4282 4722 9362 2694 4235 5097 3913 8729
10 3176 3368 4705 8791 2741 7462 9043 5600 3686 4173
12 8376 6951 8868 2686 4065 6589 2246 5708 3121 4582 2437 6855
8 1852 1276 5777 2573 8108 5072 6655 1854
15 6741 3073 4411 4062 3750 5305 5804 2945 1337 5872 5313 2144 1342 2204 184
16 7993 5425 6021 3433 6480 7777 1779 485 1117 4561 320 5278 8291 9231 663 9244
10 315 7082 8681 4450 4605 2866 11 9978 7321 8143
18 9166 3050 4405 2041 6399 9742 2453 5782 2366 1199 2722 1819 4851 9716 6785 5548 8360 3982
10 842 3334 565 1399 4654 3277 5981 8343 589 7782
18 8055 4686 3615 2178 4854 2771 3393 5400 4278 7207 463 9934 7384 9884 2024 3893 6187 3352
8 5387 1177 7323 152 1676 4356 3829 1376
17 2296 4910 1142 5120 984 5228 6762 2126 4888 5008 2565 285 1861 924 6833 6397 4626
14 8787 1168 9133 4638 2467 408 538 6857 3610 2715 4682 4382 5729 3511
13 9274 7379 9190 7811 5437 7984 1008 6838 1612 9908 3356 2762 5396
11 6658 9357 3867 7971 9849 9208 2468 9358 1513 4168 3262
14 3245 209 135 2167 9741 9441 816 3977 4128 7021 7237 3052 9148 9175
12 1635 3170 533 8803 2651 233 7515 987 4224 7383 4464 2237
13 8739 8224 7557 57 7174 2140 3505 612 5801 3392 7402 3508 3813
9 3527 9151 5702 8500 9701 6452 1772 2299 4578
12 5572 4164 3632 5756 4806 6584 5690 704 4027 3359 9194 8495
20 3990 4208 9680 7683 4957 922 531 6270 9458 9962 9975 2388 5967 6056 3782 7341 7148 7588 1982 5220
9 1530 428 2338 9872 8031 8601 2364 1857 5722
18 2788 2681 1644 425 4834 2048 9192 3509 9659 2808 8261 3470 366 8591 9072 4852 3234 3010
8 4428 2079 9926 284 846 1832 9727 812
9 5332 3729 4981 852 8307 1411 9867 5052 53
9 8566 933 9819 1324 4017 3418 546 5323 5725
21 1630 8816 5620 8079 4585 4021 2404 3482 5405 6081 5009 6161 7822 2281 3295 6406 1308 4407 7860 8779 7802
19 5517 9320 8464 483 9537 3775 1250 7933 3434 8851 7501 819 9328 9474 1317 4092 6105 7708 8842
17 400 206 448 3840 9164 7994 4786 8909 4227 883 7659 2841 7502 1720 6862 8524 8283
15 6485 5535 5347 6352 9712 1799 1924 1464 5486 8741 8268 6234 2340 4903 8107
17 6529 3783 5650 5766 4503 3532 4249 8316 1532 3710 2645 9998 8140 1834 5565 1682 2996
17 8774 457 3411 4250 6703 8367 6313 952 369 9526 2248 2229 4330 8755 357 537 4460
18 874 4184 6547 7312 376 5267 225 1553 8263 7080 2191 2042 6799 7538 1277 4970 9080 6923
8 8489 4832 3496 65 8911 3292 1058 2068
11 5743 1024 1460 2000 3760 8767 1767 26 8549 1551 9862
9 2975 2626 3083 5212 1111 7382 3230 6891 3567
11 8630 567 3403 4703 9625 1977 4139 3721 4862 1880 4715
13 9412 9012 326 4404 7034 3636 6871 6346 4724 4528 7062 9533 4369
17 6662 956 2077 9497 1369 9165 39 9232 7693 3099 2272 1681 1394 5992 5167 449 1136
10 6164 9634 6345 9322 8883 3 916 103 4632 6020
13 9503 6711 8348 2787 617 2385 7573 9968 6678 4443 5715 2955 2308
16 6735 3193 5803 5910 6248 7516 8603 5959 5188 2034 2375 6581 9355 8881 1340 1382
10 4583 5983 1203 2228 2526 8004 1041 8993 4919 9828
12 1784 1655 2132 5627 6182 1198 2309 7610 9941 3748 1918 5728
10 6004 4048 5914 5879 4314 9361 3635 243 6176 534
13 9405 1580 1667 2551 2919 7135 5208 2535 5083 5384 8270 2358 6948
10 3208 3541 2754 7682 9763 6619 7672 2506 4351 2396
19 699 8382 8856 9871 9949 2119 1181 9070 5792 6925 8312 1791 1981 6866 2633 112 77 9269 1035
8 5034 8536 1272 4493 2751 4211 6515 1920
9 7455 6202 4807 3116 2250 4990 2591 7130 4512
7 7287 7941 2314 2192 7904 4890 9682
16 4781 3493 6132 5238 5310 847 1692 9790 2909 3339 740 6830 1034 999 1786 3178
16 5654 5602 3885 7492 8421 4880 1509 7729 6902 1051 3278 624 689 515 495 8813
14 9974 5541 7243 6425 1627 4007 896 444 1110 7805 5259 1154 3489 6142
22 5213 3717 3375 2635 2323 4764 5043 6274 1443 6082 5014 3974 6041 281 6391 3967 6888 4825 3150 9224 4535 8565
16 8203 4233 5049 7662 8665 8378 3247 6243 5221 3811 7754 2089 1592 9879 5512 4712
12 9935 6338 5917 8110 4986 9964 9346 8960 4388 6773 9092 6977
5 5746 893 4718 3145 8169
6 1113 1830 3114 5091 7788 8969
14 4200 5282 7602 7097 4704 992 1587 9655 5379 8544 1519 9112 7551 6483
19 8029 9869 3566 6446 4171 1239 7263 9062 3623 4895 9980 4074 196 9508 5999 9225 6083 510 2279
12 2297 6805 7274 2885 2393 3173 9754 2710 7615 2325 9456 385
8 8458 8926 8007 1800 6423 8616 1818 8361
8 8965 4871 280 2125 5794 1624 2431 1132
17 7677 9845 9805 3585 4020 5662 7162 7276 97 6098 1531 7542 6769 4340 7560 293 8068
12 7846 3188 975 164 6357 8546 4858 76 5901 7266 946 7454
18 7451 2780 7668 4318 4930 9481 4699 9566 4498 4293 1176 1603 4426 8345 2400 9083 1286 5956
8 9459 9734 7587 991 5529 2189 3233 1371
10 9768 7045 947 8551 776 618 7757 9939 5002 5258
16 1170 658 9586 5663 3051 9375 9846 3624 8953 5380 6462 4698 8166 9237 1072 7417
18 4414 2399 9951 5351 6336 1862 7014 6999 2397 9823 1584 6793 8988 3847 7790 7403 2062 6995
6 9691 5163 1123 1590 5919 8129
12 661 2074 5285 2999 3507 7894 2104 5385 4591 7944 1291 2892
12 4873 41 4558 3565 6402 1487 64 9249 1747 4549 2777 7285
11 3640 9627 8207 8766 4656 5495 8259 4486 6692 9988 8873
14 3601 6669 8198 9254 507 6173 161 6989 1746 7275 7829 550 7999 4614
9 2426 9806 6069 2663 5428 127 1817 7024 4323
19 2957 2511 6942 6474 9464 6537 7595 6476 4828 3305 716 1271 959 880 3267 8177 6167 2947 693
15 945 9738 6886 5366 1631 514 7103 1912 4939 6800 1967 866 3689 7914 7653
11 2233 8346 9947 3936 2557 1715 3293 6522 3101 1116 5763
10 1778 9177 6359 9222 5514 2893 7987 1061 8931 539
5 1407 4046 310 5520 1932
15 1984 1994 7226 6340 5433 1311 1081 2035 3466 272 6223 3216 2390 4368 8010
19 3160 2518 3906 2059 6967 8695 2924 8257 6460 5219 8051 8099 6437 7296 9784 5651 4978 1145 8689
10 4935 4194 6836 8146 3174 6820 1914 5061 8264 8115
11 4537 6877 1959 2036 5041 9778 8492 8906 3212 731 5157
7 7116 1550 3907 7529 129 6846 201
10 6329 4980 8614 8071 1029 2116 3011 453 7352 3919
21 2293 7255 2382 4372 4593 2984 8300 3981 8038 5099 1392 8598 6605 399 2631 134 8986 6137 7217 771 545
17 7319 4863 2464 7191 5579 5995 7817 4784 2874 319 936 4533 4219 4279 4251 1850 3438
7 8548 7355 4821 2051 3595 257 414
9 8736 3291 7096 6744 6157 7142 8745 3406 3756
13 3294 9105 8747 8575 9923 4344 2275 8968 4457 4997 2684 6061 4423
16 8302 9487 9002 1529 5998 7998 8017 8105 8383 5191 5958 6542 7018 72 9212 7556
12 2942 4507 9289 6647 5557 8631 2612 3182 4365 9152 276 8628
8 513 6896 2578 649 8800 2906 3225 361
15 3236 5554 9815 1634 6638 645 3098 9132 9612 9632 1504 1264 5670 6556 8822
23 1421 9078 3445 4376 895 9610 559 5375 6251 2406 3904 8956 7370 9303 8134 7918 7205 1741 3123 8621 4789 2087 125
8 1973 4541 8220 8667 6297 9498 9428 2749
6 3005 1970 506 4123 81 4971
8 7709 3333 4349 2180 7684 8111 8359 1493
7 3148 9229 6722 5582 2959 5908 3142
19 3976 4630 168 3605 6742 8194 4749 1355 4744 3524 4989 1466 8746 9221 7566 4543 2765 405 8817
16 965 8786 4629 751 9242 3759 7513 3133 8533 1431 6898 8481 4009 5104 8025 6945
17 1689 1588 7631 7574 5626 5234 3370 2900 9889 8990 949 9496 9767 1516 4335 8513 4144
12 7398 4794 1260 6710 9492 5830 1143 7647 8705 6043 1649 2148
16 1625 9744 9524 8671 2802 7118 8243 7048 4677 6808 6883 7620 8872 6983 214 8432
15 6457 6208 6634 3036 9262 1968 876 2292 5941 8659 1656 5786 6326 5733 7365
14 3708 4045 9031 1069 5105 6106 8562 1871 133 5583 518 4809 4660 3130
7 7180 4624 332 7444 138 3673 7886
19 1489 6756 1223 1792 761 100 9127 5853 4798 4584 7339 21 5247 5004 9783 4312 9337 7707 2414
12 1593 1267 7465 497 1797 2927 1079 7239 244 8798 4301 5943
11 8783 7282 934 4206 8072 9368 5140 3241 6486 3152 5068
7 2106 8449 3531 5550 1393 8788 3939
17 6849 9602 199 802 1601 3112 2654 6213 4415 5160 8288 8125 3039 9490 2990 8304 2768
11 1512 9282 1787 5373 1420 5073 1328 9671 1435 6778 2398
14 5189 3875 9341 415 7816 2377 8996 1643 929 384 3416 7819 22 3413
11 9137 7406 5025 1963 8236 1453 2602 4105 5878 6140 2719
7 6123 4661 9345 4520 7271 8725 6604
15 3147 1441 7633 691 2966 7415 2534 2621 5664 9103 1814 7007 1416 733 806
19 6155 7085 1685 1845 3970 871 3290 7309 377 8075 3859 8691 501 4002 9462 8749 6574 4993 3237
9 4112 5036 1215 4958 4838 2923 6436 6612 9718
11 7346 4384 4857 6067 355 3561 6235 3154 6459 4237 964
15 2748 8434 9640 7579 9118 4555 5382 9440 9652 5123 5211 9298 2439 1037 4454
17 3655 1492 4410 6771 6927 767 5116 7150 8505 3691 7920 5519 4625 4212 6042 1629 3078
11 9996 7196 942 4366 8245 8373 8097 1320 4947 8049 8476
19 6493 2147 8285 4602 6601 5263 3949 8595 1098 9963 8510 3314 215 2241 779 6743 3213 6540 6387
11 9851 1030 3044 3845 8814 93 2561 9444 467 260 8165
12 2641 2904 780 7172 6705 7882 5913 6172 3261 9478 7794 7521
8 7612 3066 175 886 3086 274 3979 9348
18 8792 7248 95 6538 348 2304 3793 2270 118 6904 52 1541 7006 4711 1822 9136 5243 6679
18 5948 9144 3022 6966 8112 6639 4398 969 396 1220 6910 9167 953 1946 9407 9114 2960 8141
20 627 3354 6265 4064 7686 2613 46 7642 9234 7187 509 2179 412 6708 1842 1047 1905 2175 1266 8532
21 892 1121 5636 7086 9804 32 986 3124 2954 3609 4163 6178 4802 7823 7440 683 2205 242 3962 4730 786
9 8158 368 5684 350 4515 3767 1501 7125 7505
14 4706 8573 4673 3739 330 5241 6484 9641 6582 193 3790 7474 1922 4067
17 7186 6192 2717 8882 374 7169 2702 523 7145 1960 6880 6953 5929 4805 4746 4950 7853
16 4455 5699 69 7737 266 633 2394 4879 9896 2630 857 1396 639 9955 6414 6975
12 5358 967 9264 8952 3450 2082 4038 2844 9163 512 8673 4915
13 8262 3512 7572 3325 2217 3102 6962 2867 1752 275 5411 2231 2084
13 8024 2527 7837 9228 3754 1166 7422 2444 9779 5016 1042 2644 7962
12 5710 277 4207 267 4291 823 6196 8806 4400 3062 9821 4359
11 7471 4154 3752 8063 4899 6625 153 6339 8415 1235 9930
12 2738 4717 9027 2809 8644 9082 4496 5250 8547 3449 9917 547
13 7230 5393 4482 3270 6048 8504 7245 2187 8058 2412 2850 6682 5184
15 1251 3833 8128 657 8804 7679 3621 2693 9810 3722 5026 6974 1988 2994 3832
10 9052 9985 2332 4204 6810 5389 8074 4198 8811 7331
5 739 106 4489 4620 322
14 2523 3786 9251 7715 4068 890 8760 8826 7755 9022 3999 9278 8656 1125
6 2928 9826 7009 8917 5810 8246
21 7553 3938 2967 607 6380 4497 2525 249 4853 5534 4628 5094 3547 9321 7791 9110 8437 9643 4429 5274 4804
13 7114 9316 615 9483 4111 1012 6519 6939 279 970 2634 5093 2789
9 3384 3816 4775 121 8064 7220 5587 6858 3980
9 7108 7448 8719 2370 8646 7651 1870 3796 5575
7 7188 8254 8793 2341 1402 686 5309
7 2538 989 4709 1985 3930 7176 6874
11 7104 5748 2896 2639 3807 5799 5050 8151 1700 4433 5907
4 1013 2661 7808 7445
12 6912 1281 2667 8809 4147 2040 6987 4539 5039 7091 4136 4459
12 3865 6473 9954 395 8807 3282 9351 928 8997 173 6608 7461
18 2603 1838 3191 6101 6643 9858 7576 508 7654 9157 5092 8400 2740 2153 1075 6940 1796 9079
17 3138 245 9830 5012 9037 853 9159 5962 4623 516 7793 9056 6821 7750 4569 4135 1743
14 6794 9252 3648 2515 1004 1944 4921 9607 1840 8428 8431 9919 517 9902
14 1447 3603 8219 4658 7209 6247 254 6179 9724 4566 5268 6363 9554 7939
14 7020 9463 9981 7043 5576 6163 979 30 808 202 3316 7192 8199 5019
13 166 5996 2305 4613 5135 1346 4588 3574 6038 6609 3351 2190 9629
14 2422 6255 1640 6316 3583 8027 8721 2 7259 5143 2859 2837 8325 914
12 1384 1637 4246 4050 5503 3119 9678 2745 9809 9798 5625 5098
18 8425 5089 3921 9182 3054 595 8324 2115 3986 1831 7712 2383 4840 4893 9376 9709 456 6776
16 8426 3779 1500 9897 6422 7558 930 7562 2842 7221 6114 6684 5976 6733 9193 9877
19 2230 4635 9030 1186 3537 9429 6066 4756 1475 3896 5770 3271 9219 5658 774 9113 4316 4663 9704
9 5991 6865 1188 484 3959 889 7743 4188 7531
17 4536 7249 1206 5082 4477 5031 1391 8864 7726 4472 7004 575 2546 2109 6298 9470 6763
12 3461 1363 935 7710 7759 8523 2386 1101 7613 3072 9967 801
15 902 665 1835 1046 1152 9928 4328 8164 4907 9687 4856 8650 5180 2478 5552
11 9406 8588 854 8995 5628 4406 9299 7763 5464 2851 9547
21 5727 8832 6420 9450 313 4544 8037 300 4274 1211 2477 5451 7488 8109 1774 2063 3251 7298 78 5561 5558
13 3067 2470 7665 5374 9424 230 5101 9513 1071 3699 6617 9331 5421
18 8290 782 9130 9068 6893 2075 8018 6909 9624 2417 4121 6138 2501 1781 3487 5904 4878 2284
11 3049 5844 5632 9073 6319 5329 194 7288 958 7798 1450
8 1874 1733 2543 4247 8664 6120 4567 2563
9 2520 9420 2835 4562 1395 5730 887 9661 5849
13 8277 9556 9890 718 119 6727 7361 3075 5909 5442 909 6396 9239
15 9128 1208 4792 711 1364 1096 6681 4550 5768 5472 6447 3141 7016 6204 7549
