14 7794 5973 8885 6284 7621 5670 3100 1032 6385 7824 239 8279 8140 6706
14 4949 7689 6493 7575 8594 2450 5748 8458 4864 7942 5292 7990 5600 8329
16 5383 5653 5461 5460 9777 8178 9848 9376 4431 9412 4290 116 1952 9845 947 9024
15 5703 336 6509 60 5082 3917 8673 4194 5821 525 8213 1402 6601 178 700
15 2795 9743 3501 8324 7543 2358 8111 9986 8076 8322 5584 3817 2092 3382 1137
14 4805 5966 3987 3610 4076 9172 5838 5976 7190 1647 6510 1847 3175 9355
13 9764 552 281 6258 2971 6262 5010 5403 2986 2825 3981 2730 7012
13 4433 5908 2048 421 3836 9238 7392 6097 5366 686 7404 2413 48
13 8730 6200 8851 462 979 5052 1160 4950 3654 2457 6590 9434 1453
15 2335 2916 3845 2701 5166 2673 7338 8460 4110 8013 59 8347 2842 3759 4312
16 534 553 5476 9352 3278 6242 6816 2531 8848 1609 2513 4582 5428 9694 5732 6448
13 5241 8017 6756 1715 970 9989 1127 943 1089 3298 5018 198 6483
14 7787 1196 3914 931 930 4703 4589 3777 1792 7531 6310 1695 9135 7276
14 5967 8969 3476 8083 3417 2775 2950 9044 9254 7727 7560 6368 4603 7171
15 8545 1842 5237 9416 7203 851 4273 9059 5293 4726 4544 997 2520 1873 9877
15 2765 3704 2228 8829 1588 6500 385 5163 6675 2867 54 5701 9750 7312 8135
14 9446 8073 4803 1275 6910 4355 5303 1777 6233 353 8350 1097 6063 4851
18 6578 1040 9104 1983 8875 6032 9397 304 5058 8285 4969 6750 6824 8677 2120 2148 6684 831
17 3288 1768 1442 5574 6123 3346 8609 5587 2233 7629 7305 6893 3955 3121 4180 9996 669
16 5608 6890 2756 9754 9549 8958 5850 739 9274 5350 4844 5083 322 4179 1223 9959
15 2381 2855 1139 9621 7430 8798 4828 8646 2562 3863 1908 2316 5073 6337 4157
16 3119 9591 915 5675 9224 3391 4393 5351 9665 5177 141 1290 7108 115 918 8489
15 280 1359 3471 8118 906 9629 6766 2609 9084 290 3545 1630 6187 3220 278
14 2086 5914 6382 678 2301 9380 8005 9870 3228 6954 9372 9158 1046 5786
16 4057 7439 2578 6351 9625 4093 6727 8541 8874 619 2802 452 545 2539 7288 1905
17 5467 2241 6928 1410 5109 6767 6826 6752 7111 1310 3398 1309 1709 8605 4423 7557 7882
17 5326 9492 896 9190 5868 6622 3299 8441 6015 7847 9815 3058 642 387 4098 5716 3525
15 3247 5136 7638 9079 3707 8526 6902 9289 8040 1256 9952 3975 5761 8137 2204
15 612 2365 6475 9052 7790 5051 35 3195 5312 5407 7032 5963 5830 9455 5270
12 8561 9933 5598 706 1165 1342 6436 8477 1082 5289 6114 245
13 3496 498 2769 7728 9467 9936 9203 3364 3631 8899 9490 4925 3401
14 3551 188 4773 8906 7086 1243 3541 720 4900 5429 8214 1126 2903 6433
15 3181 275 7752 350 1417 8162 5580 8001 1897 8917 9092 9855 2080 9458 965
16 3482 5794 3953 9627 5066 1674 4307 2838 7317 2318 3989 6586 7247 680 1146 5214
14 8653 2399 7436 5167 4394 3647 3532 4292 1557 872 8144 8035 8814 2882
15 3209 9951 8733 9751 7607 4694 3871 5302 7268 2835 7213 223 3393 4813 8882
12 3492 417 7986 5542 4795 2027 9149 5068 7877 4402 2354 1063
14 9194 1691 9785 8261 1276 9803 2238 1759 8493 5501 4344 6809 7948 4148
15 8983 2954 5349 289 3186 792 1009 9184 2624 615 6800 5024 4045 3461 7044
13 6597 4169 4442 4152 5 2138 311 926 9006 9375 7282 9179 7692
14 2414 1660 3659 6313 2873 6658 4524 8398 2689 9979 1919 1933 1544 9931
13 3611 8453 6655 1124 357 1994 5446 6550 8511 8668 2502 3622 6175
13 3076 2698 6245 2472 1737 4250 3090 9880 2947 9919 7983 3456 153
12 3665 8740 7969 5151 4628 3847 2687 1301 2100 5828 1352 9588
14 8386 1491 3919 1597 8701 771 6652 7316 9531 620 83 1405 8015 3747
12 8432 7096 4996 5632 7667 91 3465 5700 1861 8294 1280 3894
14 7205 9820 3385 2965 7147 7668 964 9622 974 4945 9964 2878 345 9177
13 3632 1021 61 3322 6922 5726 7988 800 4263 7275 6352 4748 4943
15 8896 1339 7020 6995 220 941 3644 6979 8680 9973 4130 3721 2551 337 1894
14 8835 6671 5942 5298 952 9955 5439 4388 8358 1548 1085 3368 2657 3889
16 4236 7946 9459 2350 5724 7865 3205 8649 8316 4527 9760 1182 2935 8145 8334 8871
15 9957 3027 2482 1059 6985 4313 1194 356 9308 1074 1000 6085 6143 2761 4351
12 7793 4896 1123 4227 6452 7840 5757 4647 7761 2153 7150 984
16 7735 5917 8949 4710 8751 4175 2782 7278 5760 6847 4921 6927 5352 2235 3942 9729
14 3581 7358 4239 5713 5210 8737 2310 550 6329 8224 1215 529 5909 3963
14 5325 4766 2252 9772 2429 6341 4387 4452 6276 4062 8617 8769 2314 559
17 5557 656 9131 7698 4824 208 883 8828 2175 7664 1096 7706 6115 5451 580 6836 99
12 5756 4909 434 2752 3242 1592 2489 2989 9545 6552 9769 7146
16 9692 9470 4415 7528 7957 3949 8911 6312 194 5523 6820 9087 4565 2121 3132 6147
15 7606 227 9227 9836 4249 1257 2840 8897 1767 9093 7284 3020 855 2010 998
12 5645 8286 2755 1250 6292 7110 4736 2068 4519 7059 3435 5132
17 1788 5195 2012 3954 5226 4104 9356 8679 9753 4017 7045 2028 9127 3839 7157 8109 9609
15 2091 2442 8492 3201 653 3757 2745 3745 8486 2083 203 9993 5834 6176 5220
15 5147 5206 1407 3462 9096 7087 2738 7931 2511 4443 4021 249 5075 1142 9344
16 4574 7186 7253 9559 1241 8957 134 2470 5547 1493 9689 6454 4906 7860 2615 4669
14 4260 5771 8565 9702 2036 236 8256 8728 6256 2610 1935 8989 430 3609
14 1424 2554 7922 8277 6016 2129 6793 3785 6171 301 4379 7549 2671 3211
15 1035 7120 3331 5251 6421 5229 2637 6738 2403 4889 8483 4665 1002 2606 7258
13 8948 108 429 2841 813 7061 9451 8325 5124 6993 8963 5581 5477
16 6214 9584 6482 1429 605 4309 7800 5157 841 2707 4641 7771 1920 2465 1553 8560
14 9328 8399 9804 1863 4126 504 1133 1198 3803 8588 5597 2382 8384 1866
15 8579 3099 9520 9229 3001 6369 5315 2538 2595 7036 6318 3131 5198 6291 7924
14 3075 7031 7011 4318 2293 5522 1322 9395 6854 5856 1889 7340 1744 5718
16 1387 182 3701 7798 3557 8884 7347 6389 9495 3724 4579 4679 2355 527 9448 5379
15 9890 9039 7323 4001 8564 435 3905 689 4691 5770 1044 2014 3585 5027 2704
14 2297 6635 5483 1025 4048 8251 9554 3215 7243 1023 5803 5854 1294 3446
12 4797 7475 6374 8910 8442 3170 4413 2176 3835 5420 4132 2372
14 4469 3562 3903 3306 4697 5201 7927 243 5769 9690 6705 2780 600 8422
12 9288 665 1809 6005 4248 6099 3429 3035 7554 7620 1885 1504
16 3240 3534 1186 450 7109 3 9263 7361 3573 2194 1676 257 6918 5869 1261 3646
15 3765 4503 5696 2815 8970 793 4885 2286 4047 3434 9072 7308 5093 2546 6072
15 3628 1285 1976 8575 7054 4385 420 3167 718 5192 5404 5689 3317 2739 3920
13 4878 5377 4607 6516 8417 4692 8262 5514 3407 7007 4382 1892 2006
14 8590 8586 4560 5436 908 7526 1440 3882 2132 9529 778 5766 4578 9256
13 7760 5345 4436 7980 7259 2337 8349 6795 4124 3055 6951 3010 7586
15 7175 2069 4200 6746 232 2242 3858 6553 3156 3254 7811 8552 8352 6544 2837
14 4246 3169 7183 5537 2535 8381 6286 4575 925 5474 2808 3686 8345 4598
13 2847 49 961 7116 2359 7719 7393 888 8042 5028 1214 5367 1667
14 862 554 3333 4 1562 3722 996 6160 6711 9857 510 1972 1968 7102
15 9594 8404 1539 1024 8726 8831 8264 6971 5570 5121 7131 3277 3488 3199 3723
16 5388 8297 1152 4715 7773 5916 9583 8235 7415 7503 1045 4136 1915 5691 5015 8762
12 6980 551 3575 7367 4567 1433 6328 5277 4657 6238 6878 3692
14 5354 3316 2140 8074 4587 3731 4858 9939 8476 3546 9728 4547 4546 3026
17 688 7115 3044 4777 6410 3122 2167 6036 6218 5278 1104 7928 5395 3923 7809 3108 6692
15 750 2557 3410 4976 5714 6859 2574 1895 465 1269 5592 7935 5488 1701 2369
12 4801 910 2614 3716 8790 2289 400 7466 5699 9414 7623 3888
12 5524 4660 1614 2767 6794 6221 4251 4938 1749 4689 6941 1507
13 5130 2418 8613 2394 1093 5784 9762 1549 9842 9839 5281 3502 3753
13 9447 2496 3612 2101 784 4730 6419 5071 868 9249 9618 8020 2540
14 8447 8166 9378 2168 1283 8746 2266 2061 4153 907 8332 3893 7298 895
14 6770 405 7309 7026 1042 8834 365 4745 4003 9035 7766 6719 8886 5104
15 596 8504 4535 7295 2677 7944 9675 3715 2788 1688 1988 5791 7300 2675 1530
11 5532 528 3367 171 9585 7240 4630 6515 5304 1490 475
13 3210 2145 2051 6551 3997 6547 2919 4929 6185 5951 5290 2724 4761
15 5049 3383 6983 9033 7679 5883 3037 3711 5843 7473 5578 2897 2390 3801 4177
11 8502 3064 7890 1923 2295 5176 1545 2011 8191 2019 8148
14 8339 9538 6168 1049 6912 9121 5457 9339 5904 2522 9703 1650 6721 8621
14 2711 3258 5881 9076 2085 4983 9961 5556 4500 7610 2030 1825 7001 2560
13 9417 7979 1862 4622 3118 7369 9457 4272 5413 972 258 3136 2077
17 4166 9117 8431 2459 3405 9790 4018 9825 4315 9338 2937 1837 8369 7188 3926 6044 1413
17 4494 6640 6970 8530 9322 1521 6112 9851 3908 5603 7122 6145 3095 3464 9464 1170 7310
16 4980 8227 6231 8282 9974 4867 1760 5424 530 8206 5793 2426 5106 133 4226 5540
13 6227 1860 5263 6681 9302 1174 8812 3086 3110 4882 8512 4160 264
18 1312 3693 446 747 9128 9123 791 3443 704 2771 3430 9854 6715 8222 4985 6908 6426 270
15 1466 6600 3911 9984 589 2154 760 7869 5369 3262 8623 6813 2833 7682 914
12 8406 2202 9175 1462 4221 1998 3770 987 4997 6252 5417 3180
12 4701 2693 7603 2920 2161 4264 532 5064 4720 8666 861 5842
10 9498 9136 3172 1907 5637 383 5189 3563 5848 8761
12 1817 3899 5156 7351 6237 5126 8375 8182 391 648 4835 8348
14 1425 9568 8625 4655 5525 9407 107 4483 1349 4284 6612 7077 1482 6414
15 5008 2803 4751 7331 2141 7992 8937 3335 6300 3069 392 4281 6449 5874 1103
15 436 8383 8503 3373 1776 3881 7299 2433 4004 7671 5533 741 9792 5048 9716
13 6931 3656 6936 3762 6822 5990 7896 9240 7670 4782 9677 4430 9185
13 1831 4068 1053 5368 4642 6473 323 5311 5279 1934 6060 9334 3463
11 929 7648 7742 1441 7538 3625 7835 360 2124 9010 1409
14 9054 8850 3811 3696 721 7408 2744 2183 9526 5000 140 259 7973 9290
14 6720 8415 9797 2940 8766 8791 425 9314 1883 2243 7076 2705 858 3152
16 2198 8481 432 53 8006 308 7660 7693 5659 4374 2412 2408 8371 5994 2464 5443
12 2713 8356 7625 443 2106 1944 7703 8245 4002 2859 1879 1662
15 1925 8134 3149 1178 8711 8572 8553 2983 6357 3603 1618 6025 2973 5504 9359
13 4392 9251 6790 8072 1076 9504 6990 5406 9835 3515 225 9381 4167
12 2996 8797 4151 8549 1414 5390 1725 5133 2097 7785 3849 1914
13 8299 8003 5333 5797 9494 4621 901 1120 8215 933 1176 5820 7075
14 5801 816 1140 1499 5182 9909 6205 380 5235 8603 2760 4147 585 7238
12 3104 6416 5566 1787 2622 117 5053 7078 7925 5291 2416 664
16 8546 8543 1805 6864 3291 6869 7974 5742 437 2274 1516 2891 798 394 125 5727
11 8205 4217 5654 4350 6538 5975 313 4941 8189 1144 3096
18 9246 7015 2777 5534 5999 9708 8754 5353 4134 4079 7330 878 5964 2548 8536 3685 6996 4779
17 7382 8246 7335 7161 3292 9856 3651 9186 3304 594 3330 7091 2887 9218 6646 3321 6772
12 8669 6488 3350 9678 9315 3821 8211 871 4178 3846 5108 6757
15 2090 2649 7421 7976 1985 795 1794 3486 2179 230 6069 2122 8231 4161 4633
13 2163 8085 3855 1260 7637 1996 5323 4465 4204 4914 4583 5664 2171
14 7720 6595 9891 2570 1448 4495 590 5506 6277 790 8815 7589 6192 568
15 1348 5528 9669 610 939 1411 8840 8974 7450 7875 6210 384 3416 3356 9672
14 1492 1924 9930 4009 6049 7359 9231 5900 1218 8760 7355 2720 6484 1552
13 3775 6754 3259 5416 4302 3934 3802 6584 5412 1069 3819 6406 2869
14 1062 2524 3682 2395 684 9456 5223 670 7062 5329 5905 3011 6137 5606
16 3198 4170 3698 9408 1969 7185 250 4205 848 3336 4774 3191 331 2404 1458 6321
14 8152 5545 4480 5448 2346 1340 1012 1839 6697 995 2370 1796 539 713
16 159 4088 4091 7744 9735 6278 9242 3225 3079 266 472 4293 3453 2033 2424 9252
16 8523 7448 3324 5520 6125 4722 5639 74 8783 7651 7812 7082 7443 6486 6156 4855
16 7781 6729 7695 7449 663 2236 1373 3033 1149 9853 51 9976 2826 9280 6006 3896
13 811 1675 6677 4718 319 8289 7765 7614 1168 2020 4215 7509 6591
13 8267 1037 8273 4144 2468 5596 5146 4262 1228 4658 4511 3269 9595
10 9992 3833 9966 785 9272 5861 9090 3314 6716 1392
16 7216 9037 7060 5829 5478 5706 1238 7866 8645 5355 7257 3825 2044 777 1621 7233
16 8128 5938 3679 2353 3680 1677 7375 6244 3558 8518 7374 8260 3286 1524 4601 5152
16 6791 7642 1746 3264 9384 8266 2591 7768 5168 1360 8889 4515 2877 4343 1418 9326
16 3533 5595 8566 5940 82 3332 5079 2674 1253 7597 5055 4833 584 1319 406 1706
15 4338 2785 5740 1756 5668 1644 221 3667 7467 9808 2909 5327 8939 8482 5122
13 4922 7380 667 738 1004 80 2832 5397 3925 7645 9365 1461 6846
15 1734 5511 3524 4156 1547 8454 468 3850 1622 1444 8721 1147 7588 4743 5752
16 6687 3339 3744 1961 62 7691 7915 2410 7142 363 9917 8611 6728 8639 522 2220
13 3171 1125 6155 7699 837 7327 9485 3158 9499 1092 9466 8722 7344
18 7574 5077 598 2195 1264 6580 606 8478 9990 5343 3865 6666 3606 8801 7712 8842 6670 8362
13 1595 3579 2037 7144 7158 7464 9362 3185 7472 5405 7237 6701 5202
15 2146 6956 3460 69 9150 5658 4887 1245 7993 789 332 644 3795 9233 9796
14 6330 5160 1835 9752 7721 5619 4348 5704 8466 3484 2685 3415 3251 693
15 5149 4060 5997 291 7482 5307 8756 1344 87 5906 7328 6997 6814 3695 6375
14 5233 5583 2747 6444 4553 6686 8292 7680 7743 753 8755 3629 4723 7725
14 8183 2874 5128 3380 8966 3703 3556 5105 6523 8025 4168 2857 8752 628
15 8440 6046 8833 5020 4942 2644 1917 6212 4831 413 9110 3490 9651 4081 2428
15 1271 5213 460 9454 3537 9540 8365 6944 5502 4958 991 5440 5811 9250 1853
14 5613 6778 130 7180 4739 5138 5296 1028 2558 560 4100 7701 4919 7018
16 7545 687 40 7416 9719 745 3103 1802 1083 4888 3194 564 237 603 1145 1636
15 8468 9366 736 9130 3050 9241 2258 4231 3604 3481 6472 7802 3290 6010 8254
14 7639 6668 5209 89 9732 5860 3114 9660 1477 5530 228 4011 5230 1052
13 2766 1822 1398 7383 164 980 9056 2735 9247 1163 8686 2817 5426
16 9589 2005 1175 7867 9980 4053 5396 8377 3683 9260 9720 5818 5817 1838 8630 4471
12 1512 457 9899 238 1542 1368 5822 5222 4028 7830 7321 8675
15 1896 5941 144 7519 2024 1412 9235 2917 7580 3608 3548 8413 1483 32 8601
14 8366 9202 7581 8950 4084 2569 3297 4758 3675 3565 9368 8507 5063 57
16 4581 6257 3867 4400 5308 7723 2057 0 3904 4577 1259 8813 5661 5974 213 6502
14 8607 7006 8952 6363 9147 7441 5084 3887 1423 1166 4564 2389 683 5427
16 2156 8927 6888 288 3009 2401 6779 8201 3489 6559 5119 6574 1206 5200 9207 7587
15 3505 6765 5423 2992 8968 3520 7916 110 5749 4728 8296 2900 6298 7696 3495
13 4671 9336 7329 4966 8108 2334 3912 6708 8944 161 1880 3449 7114
13 9858 1192 1422 9907 6427 9310 4117 565 4040 7423 7005 9800 3271
13 4390 8080 7864 5895 8237 5318 6874 5425 4064 3392 2017 2743 6749
15 726 8143 2263 6030 9268 5901 3272 1904 8249 4559 4856 9593 7267 709 1719
12 9850 3302 4386 2212 3267 9565 5878 1081 3313 8008 916 7831
13 9213 3179 1051 3764 6731 6128 2409 8914 7409 9575 832 7346 3389
14 6557 6664 4957 3126 5400 8924 2232 3192 1810 4489 5442 3771 5808 4420
16 6683 810 9019 9956 4304 9223 2499 7755 3388 4241 8318 1899 7596 1262 6892 2800
14 2351 2332 5555 4808 4650 5680 5348 8036 4306 9173 3986 4266 1056 4288
14 3265 957 5865 1560 1293 6868 93 2542 7419 4019 5282 3147 2056 9299
19 1942 5721 4717 2479 7177 768 408 2096 9975 8581 5887 2843 6268 6263 3280 8335 109 1936 623
13 8724 5334 7384 6815 9761 7117 4640 3774 2184 1747 3635 4294 4829
16 523 7611 659 3907 3851 8293 2642 1932 4545 7390 9420 7387 3134 9228 9081 8475
15 8364 2890 4917 1505 4573 1430 7406 9533 5253 1020 2924 4383 3454 9367 1094
16 6152 3128 477 1890 8765 8050 4083 1603 2320 3791 4990 8967 7056 3730 9411 1358
13 8961 9243 2876 1964 8714 7842 6295 9324 4163 4857 2913 3303 2759
16 2517 6265 8540 9428 2137 5499 6309 1420 7202 6740 5687 7484 5694 8455 5720 305
13 5370 4759 8130 6445 8933 4566 8469 4652 1564 9628 92 9118 1353
16 7613 4951 2599 3620 3049 703 4116 6615 111 2009 7816 3431 8931 8185 6345 3477
12 7297 7871 7985 899 8012 6361 1370 3144 1589 71 6471 3983
14 9443 1712 1818 8820 5102 489 8741 2613 8389 9126 8067 9821 7663 2032
15 8372 7569 6623 3598 571 6481 1229 3984 5100 2280 8894 3553 3284 2165 1451
15 4447 9756 3582 9806 7769 8991 3669 8263 4193 9634 6354 1960 8591 8149 9552
12 9031 9695 2169 294 8239 9439 3648 8943 3127 6945 2666 2549
14 3384 3051 5181 9115 1898 22 8655 4898 7767 2178 9216 9287 9 751
13 1573 1130 676 1795 8651 9745 4953 2955 3379 7873 8435 799 210
13 7222 2152 1520 2239 8368 2868 1888 1620 8309 3494 1003 9043 5067
14 7047 4327 5910 6000 873 4278 8410 5875 6162 4201 4375 8892 1774 2970
13 4796 5903 5472 4529 9937 4514 3480 6606 7336 6849 2463 5330 4637
12 2607 7516 4677 2298 2021 7748 3742 2547 5768 5611 382 2151
14 804 7458 9515 2221 6105 4550 1064 3018 5490 5983 6948 5782 5072 5114
12 773 8934 6463 3735 375 8176 4672 9818 1435 4456 5332 9844
15 1247 479 16 1390 1055 3427 8641 1679 1680 5314 1329 6378 2790 1188 5006
12 6154 7894 5171 3347 662 4724 135 7345 5550 2066 5080 6228
15 7901 5564 5516 3455 2339 43 4190 9178 1971 7955 5781 3146 9906 1406 6100
17 5097 3681 702 2715 2469 2430 1913 9329 2136 1485 4396 9363 70 9012 9502 5579 5265
17 8394 7042 2244 3866 5826 2343 7016 9394 8517 261 8150 7209 1754 1034 8278 8255 5800
13 7494 4754 2573 8936 1016 4597 1836 9658 9883 2040 9739 4602 4276
16 2830 1066 9884 338 9590 4069 4874 8687 3212 7876 9970 4316 428 9736 9763 1726
12 698 5553 1608 8584 2519 6519 2961 1039 4243 6862 2576 6741
14 9445 5886 5116 6102 1217 5435 499 3678 5384 3797 6434 3094 2500 7893
15 9561 191 5127 5855 3164 3755 3783 6274 1304 5012 8573 76 6082 1467 3054
15 9826 4937 2042 7230 1575 1282 1784 4089 5401 1602 21 7863 3310 7532 6026
14 6425 6062 5129 2323 6966 5683 2247 8528 1193 6609 7906 6763 4425 2939
17 1833 2191 1100 8624 4834 7715 5867 1689 1258 6163 1532 1986 7407 6674 3879 7962 2683
15 7539 626 9606 6407 4286 2279 2908 8793 9220 6344 5508 6225 881 4696 9389
13 3968 4481 9636 9097 555 3587 7105 5297 4869 1303 3061 9935 30
18 9248 5846 3772 7394 6250 5005 740 679 1541 4025 2039 6872 6860 3362 9862 7459 231 1830
14 8657 6796 9506 1014 3763 2253 1631 6267 5759 4044 7455 8284 6367 7953
15 5673 1067 8717 6620 2126 2912 3151 1354 1519 5238 8089 6585 924 2534 920
13 1377 1330 7219 5612 2352 147 7960 1427 5309 9332 2276 1962 2984
13 4397 6151 5387 3844 3266 9773 6411 7513 2477 8253 8505 4092 2082
13 1204 7014 3519 6092 5783 6817 5862 2892 4140 8562 5441 1489 8901
12 7566 6889 4476 4530 1203 2680 4341 4785 3402 5137 673 6873
13 839 271 9612 1210 5188 4377 2435 6186 431 8689 6648 1948 8796
13 846 968 919 9546 174 4562 219 8055 7039 9309 412 782 1494
15 6982 8971 3268 5585 73 8913 9182 4880 6084 2931 9029 359 2811 5450 8787
15 8472 27 1751 2304 2633 15 6703 9571 4444 358 2725 4988 1320 1761 7431
13 4049 1704 4238 9304 1421 6027 6522 685 1668 310 7429 9160 7088
18 994 4568 8919 2640 3295 3283 8462 4627 2748 7483 1980 3508 6531 2397 1459 1642 8066 4128
15 5939 3972 416 6093 9755 7279 3318 6676 5274 1610 4822 569 8832 986 2944
14 1764 5955 9286 7650 3411 3019 6057 6215 8904 5059 4223 2946 7072 4074
16 6319 1956 7929 3951 7707 6753 4486 6446 1132 7135 7815 9704 334 5219 157 2982
12 474 5031 9385 3623 6643 9078 8004 1207 5035 3273 7377 3390
15 5503 4067 8052 4408 682 7878 4395 794 1306 3784 2373 5036 9664 865 643
13 3025 4757 5247 4933 185 4356 6236 9737 373 7400 1371 6429 5839
14 8698 724 8026 5153 1465 6876 5313 4096 6167 8154 5322 2062 4930 3944
15 1143 5134 4006 9963 6280 1095 541 9461 5512 8877 9281 8907 2998 2682 9453
14 7487 5898 1590 9484 9391 4948 3528 1525 8723 1118 7334 1698 4918 7058
16 286 2864 2205 7191 1758 3275 7605 7379 9949 204 8808 8448 4749 7919 6418 8550
14 7132 8400 8053 6504 8992 8727 743 6567 8988 4401 9007 8115 8650 8490
14 1030 4769 422 9640 1681 2608 674 4247 9562 9482 7838 9655 2967 7130
13 4794 2604 273 1080 1239 7777 9725 4289 5045 1011 1526 2686 8378
13 9360 4807 1700 3518 2144 6464 2918 9133 3500 715 8734 609 8007
14 1038 7395 3921 1278 9273 8281 3420 5969 2763 2262 3778 6253 7859 2300
14 4830 4507 6150 4195 4639 3479 6437 7296 9436 4638 8794 9187 3807 3786
12 3856 5492 1926 3992 8615 1515 7910 2525 2629 8878 6178 5833
14 314 3361 7084 2555 4903 5693 2774 5802 3229 1708 2948 4892 2004 3700
20 377 3827 9913 6959 1148 540 6177 8418 4314 3348 4487 4521 4158 3637 886 3507 1436 3246 8341 5346
13 8039 7173 2003 780 6255 456 1735 3341 6188 6856 2923 9370 639
16 6785 8125 8120 779 2746 5796 7870 4975 5218 4185 893 2078 5249 5894 2348 7271
12 3832 548 8781 7579 8046 5610 8463 5301 3794 2050 8976 805
15 6497 9361 6402 2858 2736 629 5682 7541 7046 8123 5096 9116 4295 1870 2845
15 9166 2000 502 3781 2914 5360 8865 8873 6470 4031 1693 4504 4376 2818 3034
15 4107 7179 2836 4279 9816 6348 2166 33 956 8627 833 5509 9983 6581 4617
15 7704 8513 276 7481 6283 4788 1750 7751 2322 7745 4520 6138 2076 9501 4417
14 7030 7343 6819 404 2147 1612 9898 3234 4095 84 1172 5962 9923 533
14 5041 8027 8193 5117 1131 209 7468 8602 9910 2647 2977 3812 6338 917
12 5245 7529 9811 2768 2439 1657 1007 1692 2928 5259 6915 2342
16 7256 4765 7694 7552 9095 3671 5022 9477 2313 8000 5935 7536 7195 8821 2852 4986
15 5262 3630 2396 1197 2664 5857 9648 6764 2071 3105 6999 4612 8775 1721 5972
14 8184 6294 8547 4082 320 2158 6331 1671 9067 4591 8855 7025 7612 7099
16 1187 1938 7982 9129 5244 4636 5912 7598 9393 1098 168 6582 9222 5993 2893 234
17 4066 8678 1816 2906 5945 6485 2053 6304 1487 8423 9798 3743 822 3982 6024 8807 7363
13 625 4214 3442 6556 8663 5863 1821 8238 1849 8844 1091 922 4332
13 6021 1437 1113 3560 309 4323 8494 6978 5568 3315 8861 6174 7035
13 2648 9460 68 874 5258 7572 4809 190 8993 7352 292 7290 7844
12 352 5310 8234 6211 7286 7201 4325 8131 7068 9300 877 1171
15 5535 1531 9073 1267 6844 1236 1167 8638 1242 2656 4212 3543 8915 4776 604
13 1364 6935 5968 3323 5744 3619 1302 4370 1158 1460 8665 729 3063
15 7984 6879 1807 8745 7845 7412 5772 9327 6296 2055 38 7432 6508 376 1135
15 4634 6897 2963 9817 7485 1138 393 513 177 2552 2590 39 6665 58 7265
16 3720 9868 9042 1659 5228 5376 5159 1317 1226 7939 8437 4825 8142 1661 6208 7167
15 9157 9200 9646 4455 9462 7872 7675 2601 9889 2260 1292 5438 2645 9902 3684
13 1468 7397 9685 9592 7249 3203 200 5382 3892 6224 3798 8426 4368
15 5952 1670 7244 5148 5896 6299 5739 3320 2509 5480 1585 3834 4410 5840 557
17 2793 9075 9236 5669 4391 4817 8257 1804 9406 1326 7401 5601 2651 9780 5847 9261 4448
13 9718 4994 6925 397 6866 1121 7024 7522 4435 8824 7949 143 6743
12 6001 8903 4099 8063 5671 150 1797 4363 6033 6882 9068 3441
14 7511 1779 3746 593 3300 3854 3182 2960 597 7000 9809 5162 1314 9547
16 5837 6461 4802 6275 2966 3238 2391 4734 8876 409 8122 7776 8337 6811 3806 1856
15 9440 9747 5115 879 9874 8500 4282 9781 1307 8330 7071 2255 6213 9279 3941
14 1893 9942 3640 9382 9831 572 484 9425 7291 9871 3584 5306 989 6624
13 6891 9522 8841 3139 8681 8569 7227 9442 7950 8857 6829 6398 4213
13 766 3937 1036 5456 3036 4252 173 8506 9270 4732 7525 8661 2981
17 3756 2330 8592 8778 8872 158 8532 2728 7661 3487 5070 3670 300 8616 2589 2617 9712
16 23 4474 7402 2013 515 132 402 7880 9267 4792 6672 636 567 863 8436 4317
18 2550 6610 8170 1205 8049 8693 7488 9943 4799 7784 9921 4687 9051 7846 2632 1249 6696 5804
13 7235 5965 9967 216 8488 3780 5090 734 4460 2188 7242 8883 5947
11 5030 5069 3260 2135 8634 4298 9892 4457 1852 5998 8446
13 4989 8710 6871 6459 8445 6379 7239 6744 4229 576 1724 2495 8925
15 2583 8890 6973 3702 7952 2536 2679 4446 6690 2230 3506 6707 6460 6206 7491
11 8654 330 4311 9120 4183 8920 7592 2646 2943 6773 9824
15 482 4458 4219 2201 9258 5925 3040 9437 2281 2846 5023 4032 7370 710 4120
15 9791 3991 3932 4910 8250 4015 1299 1730 1872 2325 1389 5852 6272 6399 8124
17 6543 5934 1909 2305 4050 627 5144 6322 7065 9183 7981 2303 7753 1244 1321 9002 7656
12 1191 5944 2860 949 1593 2064 6572 5175 6693 3705 3514 6904
16 2563 328 5751 8327 3733 7349 2762 8022 4145 5763 8499 6287 4952 3360 1308 9091
13 9740 3643 8438 1745 4005 184 2331 7405 3176 1643 4873 7941 1498
17 4632 1556 928 6699 3150 6554 2375 4358 6393 8274 3078 7672 6183 8538 6388 7493 9390
16 3503 4259 7496 2506 3536 4181 7176 6616 7028 3243 7038 8147 6098 6386 4218 3003
11 9960 7855 9219 9139 2710 8718 9415 7304 4823 6182 7739
14 1599 544 1772 4926 2049 2018 6409 2207 3340 6989 7009 3124 7043 5767
12 3860 3005 4186 6710 9055 5911 6037 8258 2052 1128 7388 1452
16 3877 5324 128 6003 8699 7232 8697 4030 4472 7356 4588 1419 4440 2699 6780 4862
16 94 4122 4944 4046 4784 215 6007 9599 2142 5510 9153 1233 1799 6456 8390 844
18 1568 5889 9787 6961 1855 163 1300 5125 9107 2794 5496 9771 1723 2643 5913 4713 1401 6742
13 1846 9632 5207 6520 2770 6919 3544 3166 4101 5169 3241 339 4199
16 9727 3235 2 7442 4716 7022 8093 975 36 2001 8593 5142 9812 8248 6457 512
15 1752 1824 256 2384 1220 343 466 3439 4174 7097 9908 403 8938 7740 3028
16 4303 8177 9441 5112 3177 5949 971 6359 1871 1431 199 7958 5497 3065 7112 5191
14 4349 563 3694 3898 8320 9795 7561 8700 4334 8862 1742 5411 3568 6450
15 3929 6992 8464 8471 1604 9165 3326 7163 4432 9548 8047 5347 55 8338 1068
14 9688 4543 5529 6748 6073 2801 6618 3513 902 7462 8153 4667 7792 4277
16 1415 7251 487 6113 1639 1222 106 6230 8391 521 6976 8659 189 8094 6895 4365
16 7708 1365 5475 3312 1554 4629 9537 4137 8328 9994 6630 1189 4428 781 7884 2114
12 90 4501 9699 2930 7149 7891 9619 4542 9793 5118 8038 1070
13 3782 5185 4123 3091 5433 4454 2722 8652 546 6651 9311 3377 3828
14 3452 26 4165 1740 6634 927 9885 9317 2799 5647 7989 1029 1771 2237
13 7337 9887 5815 817 229 8439 8954 675 9491 3813 2116 1829 4551
14 8207 170 1380 5705 6566 1770 2541 8642 8912 4818 67 8604 909 9707
13 7229 9635 2933 4034 5224 4478 5183 1694 8859 123 6735 838 1517
10 5336 2512 1325 9721 1854 2797 5434 6412 9654 1102
12 7918 4870 6718 473 5170 2853 3130 4684 911 8956 2577 9060
15 9696 8434 7636 3396 5086 81 6994 4931 7709 7037 9497 9303 954 1929 4371
13 9038 8121 5113 6117 1600 6657 3804 1882 1219 6364 2474 6018 4090
13 476 6857 5462 3950 9915 1151 8620 1555 6914 9057 8509 7104 9008
14 8568 6347 854 7724 4192 6395 3830 252 5074 9733 8628 8106 7118 5135
15 8644 7313 8870 6474 8204 7381 1865 6747 6535 2654 1395 9833 3974 7702 7199
14 3878 8977 2186 2218 9489 630 3741 9954 5879 9089 4127 3174 6129 1963
14 1060 5984 3618 2526 6563 167 7489 1707 4055 4497 8691 4599 8864 2251
13 9814 9257 9940 7151 9027 9864 8577 2415 9500 1867 8558 5890 866
12 4662 2813 850 3412 2058 4673 3281 6562 1683 8159 4992 9217
14 9662 5197 34 6234 1558 8421 690 9350 1248 4533 6191 9278 8826 4414
