552
60 0 62 3
0 60 3 62
122 20 124 23
71 60 74 62
122 40 124 43
106 60 109 62
118 60 121 62
20 122 23 124
60 71 62 74
60 106 62 109
40 122 43 124
60 118 62 121
122 106 124 109
106 122 109 124
247 52 249 55
161 91 164 93
185 102 187 105
185 110 187 113
216 79 218 82
227 91 230 93
91 161 93 164
102 185 105 187
110 185 113 187
52 247 55 249
79 216 82 218
91 227 93 230
216 125 218 128
243 185 246 187
125 216 128 218
185 243 187 246
216 200 218 203
200 216 203 218
250 60 253 62
310 48 312 51
344 60 347 62
352 60 355 62
372 56 374 59
262 122 265 124
372 75 374 78
375 122 378 124
435 71 437 74
435 98 437 101
466 98 468 101
469 122 472 124
485 122 488 124
310 181 312 184
341 169 343 172
372 177 374 180
310 200 312 203
321 247 324 249
341 235 343 238
435 153 437 156
387 185 390 187
466 133 468 136
466 177 468 180
387 216 390 218
435 196 437 199
497 200 499 203
60 250 62 253
48 310 51 312
122 262 124 265
60 344 62 347
60 352 62 355
56 372 59 374
75 372 78 374
181 310 184 312
200 310 203 312
169 341 172 343
177 372 180 374
247 321 249 324
235 341 238 343
122 375 124 378
71 435 74 437
98 435 101 437
98 466 101 468
122 469 124 472
122 485 124 488
185 387 187 390
153 435 156 437
216 387 218 390
196 435 199 437
133 466 136 468
177 466 180 468
200 497 203 499
341 250 343 253
372 254 374 257
348 310 351 312
250 341 253 343
254 372 257 374
310 348 312 351
356 341 359 343
368 341 371 343
341 356 343 359
341 368 343 371
372 364 374 367
364 372 367 374
403 310 406 312
431 310 434 312
497 250 499 253
497 282 499 285
497 298 499 301
489 310 492 312
431 372 434 374
466 337 468 340
497 344 499 347
497 348 499 351
469 372 472 374
473 372 476 374
310 403 312 406
310 431 312 434
372 431 374 434
250 497 253 499
282 497 285 499
310 489 312 492
298 497 301 499
337 466 340 468
372 469 374 472
372 473 374 476
344 497 347 499
348 497 351 499
466 387 468 390
450 435 453 437
466 431 468 434
387 466 390 468
435 450 437 453
431 466 434 468
591 8 593 11
622 4 624 7
571 60 574 62
610 60 613 62
512 91 515 93
524 91 527 93
560 67 562 70
571 122 574 124
649 60 652 62
657 60 660 62
681 60 684 62
716 8 718 11
747 20 749 23
723 60 726 62
645 122 648 124
716 63 718 66
700 91 703 93
747 67 749 70
747 71 749 74
716 110 718 113
716 118 718 121
500 216 503 218
560 208 562 211
622 231 624 234
716 149 718 152
747 125 749 128
653 216 656 218
673 216 676 218
685 212 687 215
685 227 687 230
661 247 664 249
696 216 699 218
747 227 749 230
743 247 746 249
841 16 843 19
848 60 851 62
810 67 812 70
782 122 785 124
798 122 801 124
841 67 843 70
872 75 874 78
872 94 874 97
872 98 874 101
879 60 882 62
997 8 999 11
997 52 999 55
935 67 937 70
935 106 937 109
935 114 937 117
966 87 968 90
946 122 949 124
997 94 999 97
810 181 812 184
841 177 843 180
837 185 840 187
848 185 851 187
856 185 859 187
852 216 855 218
864 247 867 249
966 129 968 132
954 185 957 187
997 161 999 164
993 185 996 187
903 216 906 218
935 239 937 242
954 216 957 218
973 216 976 218
993 216 996 218
560 254 562 257
556 310 559 312
591 258 593 261
500 341 503 343
520 372 523 374
560 321 562 324
560 368 562 371
579 341 582 343
563 372 566 374
747 266 749 269
625 341 628 343
645 341 648 343
653 341 656 343
625 372 628 374
685 321 687 324
669 341 672 343
681 341 684 343
739 341 742 343
560 387 562 390
536 435 539 437
591 423 593 426
591 427 593 430
606 435 609 437
614 435 617 437
560 454 562 457
544 497 547 499
591 446 593 449
614 466 617 468
610 497 613 499
716 403 718 406
747 403 749 406
716 431 718 434
685 454 687 457
685 473 687 476
685 489 687 492
747 458 749 461
747 473 749 476
810 250 812 253
841 286 843 289
762 341 765 343
778 372 781 374
810 325 812 328
782 341 785 343
841 321 843 324
825 372 828 374
872 356 874 359
883 310 886 312
891 310 894 312
935 302 937 305
966 274 968 277
966 282 968 285
938 310 941 312
973 310 976 312
935 333 937 336
935 337 937 340
872 375 874 378
841 427 843 430
837 435 840 437
872 407 874 410
798 466 801 468
841 442 843 445
841 450 843 453
829 497 832 499
833 497 836 499
844 497 847 499
875 435 878 437
923 435 926 437
966 383 968 386
903 466 906 468
935 442 937 445
915 466 918 468
935 462 937 465
935 481 937 484
962 466 965 468
997 438 999 441
989 466 992 468
966 489 968 492
954 497 957 499
985 497 988 499
91 512 93 515
91 524 93 527
67 560 70 562
8 591 11 593
4 622 7 624
60 571 62 574
60 610 62 613
122 571 124 574
216 500 218 503
208 560 211 562
231 622 234 624
60 649 62 652
60 657 62 660
60 681 62 684
122 645 124 648
8 716 11 718
20 747 23 749
60 723 62 726
91 700 93 703
63 716 66 718
110 716 113 718
118 716 121 718
67 747 70 749
71 747 74 749
216 653 218 656
216 673 218 676
212 685 215 687
247 661 249 664
227 685 230 687
149 716 152 718
125 747 128 749
216 696 218 699
227 747 230 749
247 743 249 746
254 560 257 562
310 556 312 559
341 500 343 503
372 520 374 523
321 560 324 562
368 560 371 562
258 591 261 593
341 579 343 582
372 563 374 566
387 560 390 562
435 536 437 539
454 560 457 562
497 544 499 547
423 591 426 593
427 591 430 593
435 606 437 609
435 614 437 617
446 591 449 593
466 614 468 617
497 610 499 613
341 625 343 628
341 645 343 648
341 653 343 656
372 625 374 628
341 669 343 672
321 685 324 687
341 681 343 684
266 747 269 749
341 739 343 742
454 685 457 687
473 685 476 687
489 685 492 687
403 716 406 718
403 747 406 749
431 716 434 718
458 747 461 749
473 747 476 749
67 810 70 812
122 782 124 785
122 798 124 801
16 841 19 843
60 848 62 851
67 841 70 843
75 872 78 874
94 872 97 874
98 872 101 874
181 810 184 812
177 841 180 843
185 837 187 840
185 848 187 851
185 856 187 859
216 852 218 855
247 864 249 867
60 879 62 882
67 935 70 937
106 935 109 937
114 935 117 937
8 997 11 999
52 997 55 999
87 966 90 968
122 946 124 949
94 997 97 999
216 903 218 906
239 935 242 937
129 966 132 968
185 954 187 957
161 997 164 999
185 993 187 996
216 954 218 957
216 973 218 976
216 993 218 996
250 810 253 812
341 762 343 765
372 778 374 781
341 782 343 785
325 810 328 812
286 841 289 843
321 841 324 843
372 825 374 828
356 872 359 874
466 798 468 801
375 872 378 874
427 841 430 843
435 837 437 840
407 872 410 874
442 841 445 843
450 841 453 843
497 829 499 832
497 833 499 836
497 844 499 847
310 883 312 886
310 891 312 894
302 935 305 937
333 935 336 937
337 935 340 937
274 966 277 968
310 938 312 941
282 966 285 968
310 973 312 976
435 875 437 878
435 923 437 926
466 903 468 906
466 915 468 918
442 935 445 937
462 935 465 937
481 935 484 937
383 966 386 968
466 962 468 965
497 954 499 957
489 966 492 968
438 997 441 999
466 989 468 992
497 985 499 988
560 512 562 515
512 560 515 562
587 560 590 562
560 587 562 590
591 579 593 582
579 591 582 593
685 520 687 523
719 560 722 562
657 622 660 624
716 563 718 566
716 579 718 582
708 591 711 593
747 571 749 574
520 685 523 687
622 657 624 660
560 719 562 722
563 716 566 718
591 708 593 711
579 716 582 718
571 747 574 749
747 649 749 652
716 657 718 660
716 673 718 676
747 665 749 668
747 669 749 672
735 685 738 687
649 747 652 749
657 716 660 718
673 716 676 718
665 747 668 749
669 747 672 749
685 735 687 738
747 719 749 722
719 747 722 749
810 548 812 551
841 508 843 511
872 508 874 511
848 560 851 562
856 560 859 562
806 591 809 593
810 618 812 621
844 591 847 593
841 602 843 605
872 594 874 597
852 622 855 624
891 560 894 562
966 552 968 555
962 560 965 562
875 591 878 593
931 591 934 593
915 622 918 624
966 567 968 570
810 641 812 644
810 661 812 664
790 685 793 687
841 661 843 664
813 685 816 687
844 685 847 687
794 716 797 718
810 719 812 722
841 696 843 699
833 716 836 718
841 743 843 746
997 625 999 628
997 708 999 711
950 747 953 749
981 747 984 749
548 810 551 812
591 806 593 809
618 810 621 812
508 841 511 843
508 872 511 874
560 848 562 851
560 856 562 859
602 841 605 843
591 844 593 847
622 852 624 855
594 872 597 874
641 810 644 812
685 790 687 793
661 810 664 812
716 794 718 797
719 810 722 812
685 813 687 816
661 841 664 843
685 844 687 847
696 841 699 843
716 833 718 836
743 841 746 843
560 891 562 894
591 875 593 878
591 931 593 934
622 915 624 918
552 966 555 968
560 962 562 965
567 966 570 968
625 997 628 999
747 950 749 953
708 997 711 999
747 981 749 984
810 794 812 797
794 810 797 812
810 802 812 805
802 810 805 812
817 810 820 812
872 806 874 809
810 817 812 820
806 872 809 874
872 813 874 816
872 829 874 832
813 872 816 874
829 872 832 874
872 860 874 863
860 872 863 874
875 841 878 843
891 872 894 874
935 817 937 820
935 829 937 832
942 841 945 843
977 841 980 843
966 868 968 871
841 875 843 878
872 891 874 894
817 935 820 937
829 935 832 937
841 942 843 945
868 966 871 968
841 977 843 980
935 915 937 918
915 935 918 937
966 954 968 957
954 966 957 968
