83
PAINT_LINE 22 20 27 20
PAINT_LINE 32 113 32 116
PAINT_LINE 29 116 32 116
PAINT_LINE 8 13 8 16
PAINT_LINE 33 173 34 173
PAINT_LINE 13 93 13 94
PAINT_LINE 13 11 13 12
PAINT_SQUARE 18 82 5
PAINT_SQUARE 11 57 1
PAINT_LINE 23 10 26 10
PAINT_SQUARE 10 7 1
PAINT_SQUARE 10 19 1
PAINT_LINE 14 112 28 112
PAINT_LINE 5 16 9 16
PAINT_LINE 11 92 11 94
PAINT_SQUARE 25 144 4
PAINT_LINE 25 191 28 191
PAINT_LINE 14 5 14 8
PAINT_LINE 13 5 13 8
PAINT_LINE 8 183 8 186
PAINT_SQUARE 16 175 2
PAINT_LINE 12 91 12 95
PAINT_SQUARE 7 15 1
PAINT_LINE 27 105 27 112
PAINT_SQUARE 31 115 1
PAINT_SQUARE 10 18 1
PAINT_SQUARE 10 6 1
PAINT_SQUARE 35 170 1
PAINT_LINE 7 76 7 82
PAINT_LINE 26 4 26 63
PAINT_LINE 25 4 25 63
PAINT_LINE 29 172 36 172
PAINT_LINE 28 105 28 112
PAINT_LINE 12 9 12 16
PAINT_LINE 6 187 6 194
PAINT_LINE 5 187 5 194
PAINT_LINE 8 75 8 83
PAINT_SQUARE 33 170 1
PAINT_SQUARE 30 170 1
PAINT_SQUARE 30 114 1
PAINT_SQUARE 26 110 1
PAINT_SQUARE 6 14 1
PAINT_LINE 14 116 23 116
PAINT_SQUARE 15 188 2
PAINT_LINE 7 183 7 194
PAINT_LINE 20 52 20 87
PAINT_LINE 17 52 17 87
PAINT_LINE 19 51 19 87
PAINT_LINE 18 51 18 87
PAINT_LINE 24 63 24 87
PAINT_SQUARE 27 138 2
PAINT_SQUARE 27 188 2
PAINT_SQUARE 11 55 2
PAINT_LINE 18 173 18 190
PAINT_SQUARE 11 51 2
PAINT_SQUARE 11 46 2
PAINT_SQUARE 27 185 2
PAINT_SQUARE 27 180 2
PAINT_SQUARE 27 175 2
PAINT_SQUARE 27 135 2
PAINT_SQUARE 27 130 2
PAINT_SQUARE 27 125 2
PAINT_SQUARE 24 18 2
PAINT_SQUARE 24 13 2
PAINT_SQUARE 15 186 2
PAINT_SQUARE 15 181 2
PAINT_SQUARE 15 176 2
PAINT_LINE 11 5 11 58
PAINT_SQUARE 19 82 5
PAINT_SQUARE 28 60 3
PAINT_SQUARE 28 54 3
PAINT_SQUARE 28 47 3
PAINT_SQUARE 25 145 4
PAINT_SQUARE 15 143 6
PAINT_SQUARE 19 161 5
PAINT_SQUARE 19 110 5
PAINT_SQUARE 19 101 5
PAINT_SQUARE 18 80 5
PAINT_SQUARE 18 69 5
PAINT_SQUARE 10 161 5
PAINT_SQUARE 15 136 6
PAINT_SQUARE 15 123 6
PAINT_SQUARE 20 32 11
